
checking TCGA-86-8074-01A

checking TCGA-62-8402-01A

checking TCGA-86-8358-01A

checking TCGA-86-8056-01A

checking TCGA-78-7158-01A

checking TCGA-49-4507-01A

checking TCGA-49-AARO-01A

checking TCGA-91-8499-01A

checking TCGA-55-6983-01A

checking TCGA-62-A46Y-01A

checking TCGA-53-7624-01A

checking TCGA-L9-A7SV-01A

checking TCGA-62-8395-01A

checking TCGA-73-4662-01A

checking TCGA-97-7547-01A

checking TCGA-35-5375-01A

checking TCGA-78-8660-01A

checking TCGA-49-4486-01A

checking TCGA-91-8497-01A

checking TCGA-44-6778-01A

checking TCGA-05-4249-01A

checking TCGA-86-8281-01A

checking TCGA-91-8496-01A

checking TCGA-55-7281-01A

checking TCGA-44-4112-01A

checking TCGA-49-6767-01A

checking TCGA-95-8494-01A

checking TCGA-MP-A4T9-01A

checking TCGA-67-3772-01A

checking TCGA-55-8208-01A

checking TCGA-50-5942-01A

checking TCGA-53-A4EZ-01A

checking TCGA-69-7761-01A

checking TCGA-78-7156-01A

checking TCGA-44-A47A-01A

checking TCGA-MP-A4TJ-01A

checking TCGA-78-7161-01A

checking TCGA-38-4632-01A

checking TCGA-55-6971-01A

checking TCGA-L9-A8F4-01A

checking TCGA-99-8033-01A

checking TCGA-44-A47B-01A

checking TCGA-99-7458-01A

checking TCGA-97-8552-01A

checking TCGA-49-4512-01A

checking TCGA-05-4417-01A

checking TCGA-78-8655-01A

checking TCGA-55-A490-01A

checking TCGA-75-6203-01A

checking TCGA-55-7727-01A

checking TCGA-49-4506-01A

checking TCGA-44-2668-01A

checking TCGA-50-5055-01A

checking TCGA-53-7626-01A

checking TCGA-55-6969-01A

checking TCGA-MN-A4N4-01A

checking TCGA-91-6831-01A

checking TCGA-55-7728-01A

checking TCGA-55-7726-01A

checking TCGA-50-5932-01A

checking TCGA-55-1596-01A

checking TCGA-44-6147-01A

checking TCGA-50-6597-01A

checking TCGA-44-7661-01A

checking TCGA-05-4384-01A

checking TCGA-44-2659-01A

checking TCGA-55-8511-01A

checking TCGA-44-6776-01A

checking TCGA-80-5607-01A

checking TCGA-50-5072-01A

checking TCGA-05-4396-01A

checking TCGA-95-7948-01A

checking TCGA-95-7562-01A

checking TCGA-55-8090-01A

checking TCGA-73-7498-01A

checking TCGA-55-7725-01A

checking TCGA-05-5420-01A

checking TCGA-38-4629-01A

checking TCGA-67-3770-01A

checking TCGA-73-4676-01A

checking TCGA-55-1595-01A

checking TCGA-55-1592-01A

checking TCGA-05-4410-01A

checking TCGA-95-7043-01A

checking TCGA-55-6979-01A

checking TCGA-05-4382-01A

checking TCGA-78-7633-01A

checking TCGA-05-4434-01A

checking TCGA-50-5935-01A

checking TCGA-49-4501-01A

checking TCGA-55-8207-01A

checking TCGA-55-8203-01A

checking TCGA-55-8621-01A

checking TCGA-86-6851-01A

checking TCGA-NJ-A7XG-01A

checking TCGA-55-6986-01A

checking TCGA-J2-A4AD-01A

checking TCGA-55-8615-01A

checking TCGA-86-7954-01A

checking TCGA-91-A4BD-01A

checking TCGA-73-4670-01A

checking TCGA-38-4625-01A

checking TCGA-78-7162-01A

checking TCGA-55-8089-01A

checking TCGA-91-6829-01A

checking TCGA-64-5779-01A

checking TCGA-78-8640-01A

checking TCGA-64-1680-01A

checking TCGA-MP-A4SW-01A
neither bed or bam file exists
downloading bam file...
  0% [                                              ] ETA:  --:--:--   0.0 s/B
  0% [                                            ] ETA:   5:13:47 382.8 KiB/s
  0% [                                            ] ETA:   1:24:52   1.4 MiB/s
  0% [                                            ] ETA:   0:50:10   2.3 MiB/s
  0% [                                            ] ETA:   0:33:08   3.5 MiB/s
  0% [                                            ] ETA:   0:23:37   5.0 MiB/s
  0% [                                            ] ETA:   0:18:45   6.2 MiB/s
  0% [                                            ] ETA:   0:15:35   7.5 MiB/s
  0% [                                            ] ETA:   0:12:38   9.2 MiB/s
  0% [                                            ] ETA:   0:11:18  10.3 MiB/s
  0% [                                            ] ETA:   0:10:01  11.6 MiB/s
  0% [                                            ] ETA:   0:08:54  13.1 MiB/s
  0% [                                            ] ETA:   0:07:55  14.7 MiB/s
  0% [                                            ] ETA:   0:07:16  16.0 MiB/s
  1% [                                            ] ETA:   0:06:45  17.2 MiB/s
  1% [                                            ] ETA:   0:06:18  18.4 MiB/s
  1% [                                            ] ETA:   0:05:53  19.7 MiB/s
  1% [                                            ] ETA:   0:05:32  20.9 MiB/s
  1% [                                            ] ETA:   0:05:15  22.0 MiB/s
  1% [                                            ] ETA:   0:05:00  23.1 MiB/s
  1% [                                            ] ETA:   0:04:46  24.1 MiB/s
  1% [                                            ] ETA:   0:04:35  25.1 MiB/s
  1% [                                            ] ETA:   0:04:25  26.0 MiB/s
  2% [                                            ] ETA:   0:04:16  26.9 MiB/s
  2% [                                            ] ETA:   0:04:07  27.8 MiB/s
  2% [#                                           ] ETA:   0:04:00  28.6 MiB/s
  2% [#                                           ] ETA:   0:03:54  29.3 MiB/s
  2% [#                                           ] ETA:   0:03:48  30.1 MiB/s
  2% [#                                           ] ETA:   0:03:42  30.8 MiB/s
  2% [#                                           ] ETA:   0:03:37  31.4 MiB/s
  2% [#                                           ] ETA:   0:03:33  32.1 MiB/s
  2% [#                                           ] ETA:   0:03:28  32.8 MiB/s
  3% [#                                           ] ETA:   0:03:24  33.3 MiB/s
  3% [#                                           ] ETA:   0:03:21  33.9 MiB/s
  3% [#                                           ] ETA:   0:03:17  34.5 MiB/s
  3% [#                                           ] ETA:   0:03:14  35.0 MiB/s
  3% [#                                           ] ETA:   0:03:11  35.5 MiB/s
  3% [#                                           ] ETA:   0:03:08  36.0 MiB/s
  3% [#                                           ] ETA:   0:03:05  36.5 MiB/s
  3% [#                                           ] ETA:   0:03:04  36.7 MiB/s
  3% [#                                           ] ETA:   0:03:01  37.2 MiB/s
  4% [#                                           ] ETA:   0:02:59  37.6 MiB/s
  4% [#                                           ] ETA:   0:02:57  37.9 MiB/s
  4% [#                                           ] ETA:   0:02:55  38.3 MiB/s
  4% [#                                           ] ETA:   0:02:54  38.7 MiB/s
  4% [#                                           ] ETA:   0:02:52  39.0 MiB/s
  4% [##                                          ] ETA:   0:02:50  39.5 MiB/s
  4% [##                                          ] ETA:   0:02:48  39.8 MiB/s
  4% [##                                          ] ETA:   0:02:47  40.1 MiB/s
  4% [##                                          ] ETA:   0:02:45  40.5 MiB/s
  5% [##                                          ] ETA:   0:02:43  40.8 MiB/s
  5% [##                                          ] ETA:   0:02:42  41.1 MiB/s
  5% [##                                          ] ETA:   0:02:42  41.2 MiB/s
  5% [##                                          ] ETA:   0:02:40  41.5 MiB/s
  5% [##                                          ] ETA:   0:02:39  41.8 MiB/s
  5% [##                                          ] ETA:   0:02:38  42.0 MiB/s
  5% [##                                          ] ETA:   0:02:37  42.3 MiB/s
  5% [##                                          ] ETA:   0:02:35  42.6 MiB/s
  5% [##                                          ] ETA:   0:02:34  42.9 MiB/s
  5% [##                                          ] ETA:   0:02:33  43.2 MiB/s
  6% [##                                          ] ETA:   0:02:32  43.4 MiB/s
  6% [##                                          ] ETA:   0:02:31  43.7 MiB/s
  6% [##                                          ] ETA:   0:02:30  44.0 MiB/s
  6% [##                                          ] ETA:   0:02:29  44.2 MiB/s
  6% [##                                          ] ETA:   0:02:28  44.3 MiB/s
  6% [##                                          ] ETA:   0:02:28  44.5 MiB/s
  6% [##                                          ] ETA:   0:02:27  44.7 MiB/s
  6% [##                                          ] ETA:   0:02:26  44.9 MiB/s
  6% [###                                         ] ETA:   0:02:25  45.1 MiB/s
  6% [###                                         ] ETA:   0:02:24  45.4 MiB/s
  7% [###                                         ] ETA:   0:02:23  45.6 MiB/s
  7% [###                                         ] ETA:   0:02:22  45.8 MiB/s
  7% [###                                         ] ETA:   0:02:21  46.0 MiB/s
  7% [###                                         ] ETA:   0:02:21  46.2 MiB/s
  7% [###                                         ] ETA:   0:02:20  46.3 MiB/s
  7% [###                                         ] ETA:   0:02:19  46.7 MiB/s
  7% [###                                         ] ETA:   0:02:19  46.7 MiB/s
  7% [###                                         ] ETA:   0:02:18  46.8 MiB/s
  7% [###                                         ] ETA:   0:02:18  46.9 MiB/s
  7% [###                                         ] ETA:   0:02:17  47.1 MiB/s
  8% [###                                         ] ETA:   0:02:16  47.3 MiB/s
  8% [###                                         ] ETA:   0:02:16  47.5 MiB/s
  8% [###                                         ] ETA:   0:02:15  47.7 MiB/s
  8% [###                                         ] ETA:   0:02:15  47.6 MiB/s
  8% [###                                         ] ETA:   0:02:14  47.8 MiB/s
  8% [###                                         ] ETA:   0:02:14  48.0 MiB/s
  8% [###                                         ] ETA:   0:02:13  48.1 MiB/s
  8% [###                                         ] ETA:   0:02:12  48.3 MiB/s
  8% [###                                         ] ETA:   0:02:12  48.4 MiB/s
  9% [###                                         ] ETA:   0:02:11  48.6 MiB/s
  9% [####                                        ] ETA:   0:02:11  48.7 MiB/s
  9% [####                                        ] ETA:   0:02:10  48.9 MiB/s
  9% [####                                        ] ETA:   0:02:10  48.9 MiB/s
  9% [####                                        ] ETA:   0:02:10  49.0 MiB/s
  9% [####                                        ] ETA:   0:02:09  49.1 MiB/s
  9% [####                                        ] ETA:   0:02:09  49.1 MiB/s
  9% [####                                        ] ETA:   0:02:09  49.2 MiB/s
  9% [####                                        ] ETA:   0:02:08  49.4 MiB/s
  9% [####                                        ] ETA:   0:02:08  49.4 MiB/s
  9% [####                                        ] ETA:   0:02:08  49.4 MiB/s
 10% [####                                        ] ETA:   0:02:07  49.5 MiB/s
 10% [####                                        ] ETA:   0:02:07  49.5 MiB/s
 10% [####                                        ] ETA:   0:02:07  49.5 MiB/s
 10% [####                                        ] ETA:   0:02:07  49.6 MiB/s
 10% [####                                        ] ETA:   0:02:06  49.7 MiB/s
 10% [####                                        ] ETA:   0:02:06  49.8 MiB/s
 10% [####                                        ] ETA:   0:02:05  49.9 MiB/s
 10% [####                                        ] ETA:   0:02:05  50.0 MiB/s
 10% [####                                        ] ETA:   0:02:05  50.1 MiB/s
 10% [####                                        ] ETA:   0:02:04  50.2 MiB/s
 11% [####                                        ] ETA:   0:02:04  50.2 MiB/s
 11% [####                                        ] ETA:   0:02:04  50.3 MiB/s
 11% [####                                        ] ETA:   0:02:03  50.4 MiB/s
 11% [####                                        ] ETA:   0:02:03  50.5 MiB/s
 11% [#####                                       ] ETA:   0:02:03  50.6 MiB/s
 11% [#####                                       ] ETA:   0:02:03  50.6 MiB/s
 11% [#####                                       ] ETA:   0:02:02  50.7 MiB/s
 11% [#####                                       ] ETA:   0:02:02  50.8 MiB/s
 11% [#####                                       ] ETA:   0:02:01  50.9 MiB/s
 11% [#####                                       ] ETA:   0:02:01  51.0 MiB/s
 11% [#####                                       ] ETA:   0:02:01  51.1 MiB/s
 12% [#####                                       ] ETA:   0:02:01  51.1 MiB/s
 12% [#####                                       ] ETA:   0:02:00  51.2 MiB/s
 12% [#####                                       ] ETA:   0:02:00  51.3 MiB/s
 12% [#####                                       ] ETA:   0:02:00  51.4 MiB/s
 12% [#####                                       ] ETA:   0:01:59  51.4 MiB/s
 12% [#####                                       ] ETA:   0:01:59  51.5 MiB/s
 12% [#####                                       ] ETA:   0:01:59  51.6 MiB/s
 12% [#####                                       ] ETA:   0:01:58  51.7 MiB/s
 12% [#####                                       ] ETA:   0:01:58  51.8 MiB/s
 12% [#####                                       ] ETA:   0:01:58  51.8 MiB/s
 13% [#####                                       ] ETA:   0:01:57  51.9 MiB/s
 13% [#####                                       ] ETA:   0:01:57  52.0 MiB/s
 13% [#####                                       ] ETA:   0:01:57  52.0 MiB/s
 13% [#####                                       ] ETA:   0:01:56  52.1 MiB/s
 13% [#####                                       ] ETA:   0:01:56  52.2 MiB/s
 13% [#####                                       ] ETA:   0:01:56  52.3 MiB/s
 13% [######                                      ] ETA:   0:01:56  52.3 MiB/s
 13% [######                                      ] ETA:   0:01:56  52.3 MiB/s
 13% [######                                      ] ETA:   0:01:55  52.4 MiB/s
 13% [######                                      ] ETA:   0:01:55  52.5 MiB/s
 14% [######                                      ] ETA:   0:01:55  52.6 MiB/s
 14% [######                                      ] ETA:   0:01:54  52.7 MiB/s
 14% [######                                      ] ETA:   0:01:54  52.7 MiB/s
 14% [######                                      ] ETA:   0:01:54  52.8 MiB/s
 14% [######                                      ] ETA:   0:01:53  52.9 MiB/s
 14% [######                                      ] ETA:   0:01:55  52.3 MiB/s
 14% [######                                      ] ETA:   0:01:52  53.1 MiB/s
 14% [######                                      ] ETA:   0:01:52  53.2 MiB/s
 15% [######                                      ] ETA:   0:01:52  53.3 MiB/s
 15% [######                                      ] ETA:   0:01:51  53.3 MiB/s
 15% [######                                      ] ETA:   0:01:51  53.4 MiB/s
 15% [######                                      ] ETA:   0:01:51  53.5 MiB/s
 15% [######                                      ] ETA:   0:01:51  53.4 MiB/s
 15% [######                                      ] ETA:   0:01:51  53.5 MiB/s
 15% [######                                      ] ETA:   0:01:50  53.5 MiB/s
 15% [######                                      ] ETA:   0:01:50  53.6 MiB/s
 15% [#######                                     ] ETA:   0:01:50  53.7 MiB/s
 16% [#######                                     ] ETA:   0:01:50  53.7 MiB/s
 16% [#######                                     ] ETA:   0:01:49  53.8 MiB/s
 16% [#######                                     ] ETA:   0:01:49  53.8 MiB/s
 16% [#######                                     ] ETA:   0:01:49  53.9 MiB/s
 16% [#######                                     ] ETA:   0:01:48  54.0 MiB/s
 16% [#######                                     ] ETA:   0:01:48  54.0 MiB/s
 16% [#######                                     ] ETA:   0:01:48  54.1 MiB/s
 16% [#######                                     ] ETA:   0:01:48  54.1 MiB/s
 16% [#######                                     ] ETA:   0:01:48  54.2 MiB/s
 16% [#######                                     ] ETA:   0:01:47  54.3 MiB/s
 17% [#######                                     ] ETA:   0:01:47  54.2 MiB/s
 17% [#######                                     ] ETA:   0:01:47  54.2 MiB/s
 17% [#######                                     ] ETA:   0:01:47  54.3 MiB/s
 17% [#######                                     ] ETA:   0:01:46  54.4 MiB/s
 17% [#######                                     ] ETA:   0:01:46  54.4 MiB/s
 17% [#######                                     ] ETA:   0:01:46  54.5 MiB/s
 17% [#######                                     ] ETA:   0:01:46  54.5 MiB/s
 17% [#######                                     ] ETA:   0:01:46  54.5 MiB/s
 17% [#######                                     ] ETA:   0:01:45  54.6 MiB/s
 17% [#######                                     ] ETA:   0:01:45  54.7 MiB/s
 18% [#######                                     ] ETA:   0:01:45  54.7 MiB/s
 18% [#######                                     ] ETA:   0:01:45  54.8 MiB/s
 18% [########                                    ] ETA:   0:01:45  54.8 MiB/s
 18% [########                                    ] ETA:   0:01:44  54.8 MiB/s
 18% [########                                    ] ETA:   0:01:44  54.8 MiB/s
 18% [########                                    ] ETA:   0:01:44  54.9 MiB/s
 18% [########                                    ] ETA:   0:01:44  54.9 MiB/s
 18% [########                                    ] ETA:   0:01:44  54.9 MiB/s
 18% [########                                    ] ETA:   0:01:43  55.0 MiB/s
 18% [########                                    ] ETA:   0:01:43  55.0 MiB/s
 19% [########                                    ] ETA:   0:01:43  55.1 MiB/s
 19% [########                                    ] ETA:   0:01:43  55.1 MiB/s
 19% [########                                    ] ETA:   0:01:42  55.2 MiB/s
 19% [########                                    ] ETA:   0:01:42  55.2 MiB/s
 19% [########                                    ] ETA:   0:01:42  55.2 MiB/s
 19% [########                                    ] ETA:   0:01:42  55.3 MiB/s
 19% [########                                    ] ETA:   0:01:42  55.3 MiB/s
 19% [########                                    ] ETA:   0:01:42  55.3 MiB/s
 19% [########                                    ] ETA:   0:01:41  55.3 MiB/s
 20% [########                                    ] ETA:   0:01:41  55.4 MiB/s
 20% [########                                    ] ETA:   0:01:41  55.4 MiB/s
 20% [########                                    ] ETA:   0:01:41  55.4 MiB/s
 20% [########                                    ] ETA:   0:01:41  55.5 MiB/s
 20% [#########                                   ] ETA:   0:01:40  55.5 MiB/s
 20% [#########                                   ] ETA:   0:01:40  55.6 MiB/s
 20% [#########                                   ] ETA:   0:01:40  55.6 MiB/s
 20% [#########                                   ] ETA:   0:01:40  55.6 MiB/s
 20% [#########                                   ] ETA:   0:01:39  55.7 MiB/s
 21% [#########                                   ] ETA:   0:01:39  55.7 MiB/s
 21% [#########                                   ] ETA:   0:01:39  55.8 MiB/s
 21% [#########                                   ] ETA:   0:01:39  55.8 MiB/s
 21% [#########                                   ] ETA:   0:01:39  55.9 MiB/s
 21% [#########                                   ] ETA:   0:01:38  55.9 MiB/s
 21% [#########                                   ] ETA:   0:01:38  55.9 MiB/s
 21% [#########                                   ] ETA:   0:01:38  55.9 MiB/s
 21% [#########                                   ] ETA:   0:01:38  55.9 MiB/s
 21% [#########                                   ] ETA:   0:01:38  56.0 MiB/s
 21% [#########                                   ] ETA:   0:01:38  56.0 MiB/s
 22% [#########                                   ] ETA:   0:01:37  56.1 MiB/s
 22% [#########                                   ] ETA:   0:01:37  56.1 MiB/s
 22% [#########                                   ] ETA:   0:01:37  56.1 MiB/s
 22% [#########                                   ] ETA:   0:01:37  56.2 MiB/s
 22% [#########                                   ] ETA:   0:01:37  56.2 MiB/s
 22% [#########                                   ] ETA:   0:01:36  56.2 MiB/s
 22% [#########                                   ] ETA:   0:01:36  56.2 MiB/s
 22% [##########                                  ] ETA:   0:01:36  56.2 MiB/s
 22% [##########                                  ] ETA:   0:01:36  56.3 MiB/s
 22% [##########                                  ] ETA:   0:01:36  56.3 MiB/s
 23% [##########                                  ] ETA:   0:01:36  56.3 MiB/s
 23% [##########                                  ] ETA:   0:01:35  56.4 MiB/s
 23% [##########                                  ] ETA:   0:01:35  56.4 MiB/s
 23% [##########                                  ] ETA:   0:01:35  56.4 MiB/s
 23% [##########                                  ] ETA:   0:01:35  56.5 MiB/s
 23% [##########                                  ] ETA:   0:01:35  56.5 MiB/s
 23% [##########                                  ] ETA:   0:01:34  56.5 MiB/s
 23% [##########                                  ] ETA:   0:01:34  56.5 MiB/s
 23% [##########                                  ] ETA:   0:01:34  56.6 MiB/s
 24% [##########                                  ] ETA:   0:01:34  56.7 MiB/s
 24% [##########                                  ] ETA:   0:01:34  56.6 MiB/s
 24% [##########                                  ] ETA:   0:01:34  56.6 MiB/s
 24% [##########                                  ] ETA:   0:01:33  56.7 MiB/s
 24% [##########                                  ] ETA:   0:01:33  56.7 MiB/s
 24% [##########                                  ] ETA:   0:01:33  56.7 MiB/s
 24% [##########                                  ] ETA:   0:01:33  56.7 MiB/s
 24% [##########                                  ] ETA:   0:01:33  56.8 MiB/s
 24% [##########                                  ] ETA:   0:01:33  56.8 MiB/s
 25% [###########                                 ] ETA:   0:01:32  56.8 MiB/s
 25% [###########                                 ] ETA:   0:01:32  56.9 MiB/s
 25% [###########                                 ] ETA:   0:01:32  56.9 MiB/s
 25% [###########                                 ] ETA:   0:01:32  57.0 MiB/s
 25% [###########                                 ] ETA:   0:01:32  57.0 MiB/s
 25% [###########                                 ] ETA:   0:01:31  57.0 MiB/s
 25% [###########                                 ] ETA:   0:01:31  57.0 MiB/s
 25% [###########                                 ] ETA:   0:01:31  57.0 MiB/s
 25% [###########                                 ] ETA:   0:01:31  57.0 MiB/s
 25% [###########                                 ] ETA:   0:01:31  57.1 MiB/s
 26% [###########                                 ] ETA:   0:01:31  57.1 MiB/s
 26% [###########                                 ] ETA:   0:01:31  57.1 MiB/s
 26% [###########                                 ] ETA:   0:01:30  57.1 MiB/s
 26% [###########                                 ] ETA:   0:01:30  57.2 MiB/s
 26% [###########                                 ] ETA:   0:01:30  57.2 MiB/s
 26% [###########                                 ] ETA:   0:01:30  57.3 MiB/s
 26% [###########                                 ] ETA:   0:01:30  57.3 MiB/s
 26% [###########                                 ] ETA:   0:01:30  57.3 MiB/s
 26% [###########                                 ] ETA:   0:01:29  57.3 MiB/s
 26% [###########                                 ] ETA:   0:01:29  57.3 MiB/s
 27% [###########                                 ] ETA:   0:01:29  57.3 MiB/s
 27% [###########                                 ] ETA:   0:01:29  57.3 MiB/s
 27% [############                                ] ETA:   0:01:29  57.4 MiB/s
 27% [############                                ] ETA:   0:01:29  57.4 MiB/s
 27% [############                                ] ETA:   0:01:28  57.4 MiB/s
 27% [############                                ] ETA:   0:01:28  57.5 MiB/s
 27% [############                                ] ETA:   0:01:28  57.5 MiB/s
 27% [############                                ] ETA:   0:01:28  57.5 MiB/s
 27% [############                                ] ETA:   0:01:28  57.5 MiB/s
 28% [############                                ] ETA:   0:01:28  57.5 MiB/s
 28% [############                                ] ETA:   0:01:27  57.5 MiB/s
 28% [############                                ] ETA:   0:01:27  57.6 MiB/s
 28% [############                                ] ETA:   0:01:27  57.6 MiB/s
 28% [############                                ] ETA:   0:01:27  57.6 MiB/s
 28% [############                                ] ETA:   0:01:27  57.6 MiB/s
 28% [############                                ] ETA:   0:01:27  57.7 MiB/s
 28% [############                                ] ETA:   0:01:27  57.7 MiB/s
 28% [############                                ] ETA:   0:01:26  57.7 MiB/s
 28% [############                                ] ETA:   0:01:26  57.7 MiB/s
 29% [############                                ] ETA:   0:01:26  57.7 MiB/s
 29% [############                                ] ETA:   0:01:26  57.6 MiB/s
 29% [############                                ] ETA:   0:01:26  57.8 MiB/s
 29% [############                                ] ETA:   0:01:25  57.8 MiB/s
 29% [#############                               ] ETA:   0:01:25  57.8 MiB/s
 29% [#############                               ] ETA:   0:01:25  57.9 MiB/s
 29% [#############                               ] ETA:   0:01:25  57.9 MiB/s
 29% [#############                               ] ETA:   0:01:25  57.9 MiB/s
 29% [#############                               ] ETA:   0:01:25  57.9 MiB/s
 30% [#############                               ] ETA:   0:01:25  57.9 MiB/s
 30% [#############                               ] ETA:   0:01:24  57.9 MiB/s
 30% [#############                               ] ETA:   0:01:24  58.0 MiB/s
 30% [#############                               ] ETA:   0:01:24  58.0 MiB/s
 30% [#############                               ] ETA:   0:01:24  58.0 MiB/s
 30% [#############                               ] ETA:   0:01:24  58.0 MiB/s
 30% [#############                               ] ETA:   0:01:24  58.0 MiB/s
 30% [#############                               ] ETA:   0:01:24  58.0 MiB/s
 30% [#############                               ] ETA:   0:01:23  58.1 MiB/s
 30% [#############                               ] ETA:   0:01:23  58.1 MiB/s
 31% [#############                               ] ETA:   0:01:23  58.1 MiB/s
 31% [#############                               ] ETA:   0:01:23  58.1 MiB/s
 31% [#############                               ] ETA:   0:01:23  58.1 MiB/s
 31% [#############                               ] ETA:   0:01:23  58.2 MiB/s
 31% [#############                               ] ETA:   0:01:22  58.2 MiB/s
 31% [#############                               ] ETA:   0:01:22  58.2 MiB/s
 31% [#############                               ] ETA:   0:01:22  58.2 MiB/s
 31% [#############                               ] ETA:   0:01:22  58.2 MiB/s
 31% [##############                              ] ETA:   0:01:22  58.2 MiB/s
 31% [##############                              ] ETA:   0:01:22  58.2 MiB/s
 32% [##############                              ] ETA:   0:01:22  58.3 MiB/s
 32% [##############                              ] ETA:   0:01:21  58.3 MiB/s
 32% [##############                              ] ETA:   0:01:21  58.3 MiB/s
 32% [##############                              ] ETA:   0:01:21  58.3 MiB/s
 32% [##############                              ] ETA:   0:01:21  58.3 MiB/s
 32% [##############                              ] ETA:   0:01:21  58.4 MiB/s
 32% [##############                              ] ETA:   0:01:21  58.4 MiB/s
 32% [##############                              ] ETA:   0:01:20  58.4 MiB/s
 32% [##############                              ] ETA:   0:01:20  58.4 MiB/s
 32% [##############                              ] ETA:   0:01:20  58.4 MiB/s
 33% [##############                              ] ETA:   0:01:20  58.4 MiB/s
 33% [##############                              ] ETA:   0:01:20  58.4 MiB/s
 33% [##############                              ] ETA:   0:01:20  58.5 MiB/s
 33% [##############                              ] ETA:   0:01:20  58.5 MiB/s
 33% [##############                              ] ETA:   0:01:20  58.5 MiB/s
 33% [##############                              ] ETA:   0:01:19  58.5 MiB/s
 33% [##############                              ] ETA:   0:01:19  58.5 MiB/s
 33% [##############                              ] ETA:   0:01:19  58.5 MiB/s
 33% [##############                              ] ETA:   0:01:19  58.5 MiB/s
 34% [##############                              ] ETA:   0:01:19  58.5 MiB/s
 34% [###############                             ] ETA:   0:01:19  58.6 MiB/s
 34% [###############                             ] ETA:   0:01:19  58.6 MiB/s
 34% [###############                             ] ETA:   0:01:18  58.6 MiB/s
 34% [###############                             ] ETA:   0:01:18  58.6 MiB/s
 34% [###############                             ] ETA:   0:01:18  58.6 MiB/s
 34% [###############                             ] ETA:   0:01:18  58.6 MiB/s
 34% [###############                             ] ETA:   0:01:18  58.7 MiB/s
 34% [###############                             ] ETA:   0:01:18  58.7 MiB/s
 34% [###############                             ] ETA:   0:01:18  58.7 MiB/s
 34% [###############                             ] ETA:   0:01:17  58.7 MiB/s
 35% [###############                             ] ETA:   0:01:17  58.7 MiB/s
 35% [###############                             ] ETA:   0:01:17  58.7 MiB/s
 35% [###############                             ] ETA:   0:01:17  58.7 MiB/s
 35% [###############                             ] ETA:   0:01:17  58.7 MiB/s
 35% [###############                             ] ETA:   0:01:17  58.8 MiB/s
 35% [###############                             ] ETA:   0:01:17  58.8 MiB/s
 35% [###############                             ] ETA:   0:01:17  58.8 MiB/s
 35% [###############                             ] ETA:   0:01:16  58.8 MiB/s
 35% [###############                             ] ETA:   0:01:16  58.8 MiB/s
 35% [###############                             ] ETA:   0:01:16  58.8 MiB/s
 36% [###############                             ] ETA:   0:01:16  58.8 MiB/s
 36% [###############                             ] ETA:   0:01:16  58.9 MiB/s
 36% [###############                             ] ETA:   0:01:16  58.9 MiB/s
 36% [################                            ] ETA:   0:01:16  58.9 MiB/s
 36% [################                            ] ETA:   0:01:15  58.9 MiB/s
 36% [################                            ] ETA:   0:01:15  58.9 MiB/s
 36% [################                            ] ETA:   0:01:15  58.9 MiB/s
 36% [################                            ] ETA:   0:01:15  58.9 MiB/s
 36% [################                            ] ETA:   0:01:15  58.9 MiB/s
 36% [################                            ] ETA:   0:01:15  58.9 MiB/s
 37% [################                            ] ETA:   0:01:15  58.9 MiB/s
 37% [################                            ] ETA:   0:01:15  59.0 MiB/s
 37% [################                            ] ETA:   0:01:14  59.0 MiB/s
 37% [################                            ] ETA:   0:01:14  59.0 MiB/s
 37% [################                            ] ETA:   0:01:14  59.0 MiB/s
 37% [################                            ] ETA:   0:01:14  59.0 MiB/s
 37% [################                            ] ETA:   0:01:14  59.0 MiB/s
 37% [################                            ] ETA:   0:01:14  59.1 MiB/s
 37% [################                            ] ETA:   0:01:14  59.0 MiB/s
 37% [################                            ] ETA:   0:01:13  59.1 MiB/s
 37% [################                            ] ETA:   0:01:13  59.1 MiB/s
 38% [################                            ] ETA:   0:01:13  59.1 MiB/s
 38% [################                            ] ETA:   0:01:13  59.1 MiB/s
 38% [################                            ] ETA:   0:01:13  59.1 MiB/s
 38% [################                            ] ETA:   0:01:13  59.1 MiB/s
 38% [################                            ] ETA:   0:01:13  59.1 MiB/s
 38% [################                            ] ETA:   0:01:13  59.1 MiB/s
 38% [#################                           ] ETA:   0:01:12  59.1 MiB/s
 38% [#################                           ] ETA:   0:01:12  59.2 MiB/s
 38% [#################                           ] ETA:   0:01:12  59.2 MiB/s
 39% [#################                           ] ETA:   0:01:12  59.2 MiB/s
 39% [#################                           ] ETA:   0:01:12  59.2 MiB/s
 39% [#################                           ] ETA:   0:01:12  59.2 MiB/s
 39% [#################                           ] ETA:   0:01:12  59.2 MiB/s
 39% [#################                           ] ETA:   0:01:11  59.2 MiB/s
 39% [#################                           ] ETA:   0:01:11  59.2 MiB/s
 39% [#################                           ] ETA:   0:01:11  59.3 MiB/s
 39% [#################                           ] ETA:   0:01:11  59.3 MiB/s
 39% [#################                           ] ETA:   0:01:11  59.2 MiB/s
 39% [#################                           ] ETA:   0:01:11  59.3 MiB/s
 40% [#################                           ] ETA:   0:01:11  59.3 MiB/s
 40% [#################                           ] ETA:   0:01:10  59.3 MiB/s
 40% [#################                           ] ETA:   0:01:10  59.3 MiB/s
 40% [#################                           ] ETA:   0:01:10  59.3 MiB/s
 40% [#################                           ] ETA:   0:01:10  59.3 MiB/s
 40% [#################                           ] ETA:   0:01:10  59.3 MiB/s
 40% [#################                           ] ETA:   0:01:10  59.4 MiB/s
 40% [#################                           ] ETA:   0:01:10  59.4 MiB/s
 40% [##################                          ] ETA:   0:01:10  59.4 MiB/s
 41% [##################                          ] ETA:   0:01:09  59.4 MiB/s
 41% [##################                          ] ETA:   0:01:09  59.4 MiB/s
 41% [##################                          ] ETA:   0:01:09  59.4 MiB/s
 41% [##################                          ] ETA:   0:01:09  59.4 MiB/s
 41% [##################                          ] ETA:   0:01:09  59.4 MiB/s
 41% [##################                          ] ETA:   0:01:09  59.4 MiB/s
 41% [##################                          ] ETA:   0:01:08  59.4 MiB/s
 41% [##################                          ] ETA:   0:01:08  59.5 MiB/s
 41% [##################                          ] ETA:   0:01:08  59.5 MiB/s
 42% [##################                          ] ETA:   0:01:08  59.5 MiB/s
 42% [##################                          ] ETA:   0:01:08  59.5 MiB/s
 42% [##################                          ] ETA:   0:01:08  59.5 MiB/s
 42% [##################                          ] ETA:   0:01:08  59.5 MiB/s
 42% [##################                          ] ETA:   0:01:07  59.5 MiB/s
 42% [##################                          ] ETA:   0:01:07  59.5 MiB/s
 42% [##################                          ] ETA:   0:01:07  59.6 MiB/s
 42% [##################                          ] ETA:   0:01:07  59.6 MiB/s
 43% [##################                          ] ETA:   0:01:07  59.6 MiB/s
 43% [##################                          ] ETA:   0:01:07  59.6 MiB/s
 43% [##################                          ] ETA:   0:01:07  59.6 MiB/s
 43% [###################                         ] ETA:   0:01:06  59.6 MiB/s
 43% [###################                         ] ETA:   0:01:06  59.6 MiB/s
 43% [###################                         ] ETA:   0:01:06  59.6 MiB/s
 43% [###################                         ] ETA:   0:01:06  59.6 MiB/s
 43% [###################                         ] ETA:   0:01:07  59.1 MiB/s
 44% [###################                         ] ETA:   0:01:05  59.7 MiB/s
 44% [###################                         ] ETA:   0:01:05  59.7 MiB/s
 44% [###################                         ] ETA:   0:01:05  59.7 MiB/s
 44% [###################                         ] ETA:   0:01:05  59.7 MiB/s
 44% [###################                         ] ETA:   0:01:05  59.7 MiB/s
 44% [###################                         ] ETA:   0:01:05  59.7 MiB/s
 44% [###################                         ] ETA:   0:01:04  59.7 MiB/s
 44% [###################                         ] ETA:   0:01:04  59.8 MiB/s
 45% [###################                         ] ETA:   0:01:04  59.7 MiB/s
 45% [###################                         ] ETA:   0:01:04  59.7 MiB/s
 45% [###################                         ] ETA:   0:01:04  59.8 MiB/s
 45% [###################                         ] ETA:   0:01:04  59.8 MiB/s
 45% [####################                        ] ETA:   0:01:04  59.8 MiB/s
 45% [####################                        ] ETA:   0:01:04  59.8 MiB/s
 45% [####################                        ] ETA:   0:01:03  59.8 MiB/s
 45% [####################                        ] ETA:   0:01:03  59.8 MiB/s
 45% [####################                        ] ETA:   0:01:03  59.8 MiB/s
 46% [####################                        ] ETA:   0:01:03  59.8 MiB/s
 46% [####################                        ] ETA:   0:01:03  59.8 MiB/s
 46% [####################                        ] ETA:   0:01:03  59.9 MiB/s
 46% [####################                        ] ETA:   0:01:03  59.9 MiB/s
 46% [####################                        ] ETA:   0:01:02  59.9 MiB/s
 46% [####################                        ] ETA:   0:01:02  59.9 MiB/s
 46% [####################                        ] ETA:   0:01:02  59.9 MiB/s
 46% [####################                        ] ETA:   0:01:02  59.9 MiB/s
 46% [####################                        ] ETA:   0:01:02  59.9 MiB/s
 46% [####################                        ] ETA:   0:01:02  59.9 MiB/s
 47% [####################                        ] ETA:   0:01:02  59.9 MiB/s
 47% [####################                        ] ETA:   0:01:02  59.9 MiB/s
 47% [####################                        ] ETA:   0:01:01  59.9 MiB/s
 47% [####################                        ] ETA:   0:01:01  59.9 MiB/s
 47% [####################                        ] ETA:   0:01:01  59.9 MiB/s
 47% [####################                        ] ETA:   0:01:01  59.9 MiB/s
 47% [#####################                       ] ETA:   0:01:01  60.0 MiB/s
 47% [#####################                       ] ETA:   0:01:01  59.9 MiB/s
 48% [#####################                       ] ETA:   0:01:01  60.0 MiB/s
 48% [#####################                       ] ETA:   0:01:00  60.0 MiB/s
 48% [#####################                       ] ETA:   0:01:00  60.0 MiB/s
 48% [#####################                       ] ETA:   0:01:00  60.0 MiB/s
 48% [#####################                       ] ETA:   0:01:00  60.0 MiB/s
 48% [#####################                       ] ETA:   0:01:00  60.0 MiB/s
 48% [#####################                       ] ETA:   0:01:00  60.0 MiB/s
 48% [#####################                       ] ETA:   0:01:00  60.0 MiB/s
 48% [#####################                       ] ETA:   0:00:59  60.0 MiB/s
 49% [#####################                       ] ETA:   0:00:59  60.0 MiB/s
 49% [#####################                       ] ETA:   0:00:59  60.0 MiB/s
 49% [#####################                       ] ETA:   0:00:59  60.0 MiB/s
 49% [#####################                       ] ETA:   0:00:59  60.0 MiB/s
 49% [#####################                       ] ETA:   0:00:59  60.0 MiB/s
 49% [#####################                       ] ETA:   0:00:59  60.1 MiB/s
 49% [#####################                       ] ETA:   0:00:58  60.1 MiB/s
 49% [#####################                       ] ETA:   0:00:58  60.1 MiB/s
 49% [#####################                       ] ETA:   0:00:58  60.1 MiB/s
 50% [######################                      ] ETA:   0:00:58  60.1 MiB/s
 50% [######################                      ] ETA:   0:00:58  60.1 MiB/s
 50% [######################                      ] ETA:   0:00:58  60.1 MiB/s
 50% [######################                      ] ETA:   0:00:58  60.1 MiB/s
 50% [######################                      ] ETA:   0:00:57  60.1 MiB/s
 50% [######################                      ] ETA:   0:00:57  60.1 MiB/s
 50% [######################                      ] ETA:   0:00:57  60.1 MiB/s
 50% [######################                      ] ETA:   0:00:57  60.1 MiB/s
 50% [######################                      ] ETA:   0:00:57  60.1 MiB/s
 51% [######################                      ] ETA:   0:00:57  60.1 MiB/s
 51% [######################                      ] ETA:   0:00:57  60.1 MiB/s
 51% [######################                      ] ETA:   0:00:56  60.2 MiB/s
 51% [######################                      ] ETA:   0:00:56  60.1 MiB/s
 51% [######################                      ] ETA:   0:00:56  60.2 MiB/s
 51% [######################                      ] ETA:   0:00:56  60.2 MiB/s
 51% [######################                      ] ETA:   0:00:56  60.2 MiB/s
 51% [######################                      ] ETA:   0:00:56  60.2 MiB/s
 51% [######################                      ] ETA:   0:00:56  60.2 MiB/s
 52% [######################                      ] ETA:   0:00:56  60.2 MiB/s
 52% [######################                      ] ETA:   0:00:55  60.2 MiB/s
 52% [#######################                     ] ETA:   0:00:55  60.2 MiB/s
 52% [#######################                     ] ETA:   0:00:55  60.2 MiB/s
 52% [#######################                     ] ETA:   0:00:55  60.2 MiB/s
 52% [#######################                     ] ETA:   0:00:55  60.2 MiB/s
 52% [#######################                     ] ETA:   0:00:55  60.2 MiB/s
 52% [#######################                     ] ETA:   0:00:55  60.2 MiB/s
 53% [#######################                     ] ETA:   0:00:54  60.3 MiB/s
 53% [#######################                     ] ETA:   0:00:54  60.3 MiB/s
 53% [#######################                     ] ETA:   0:00:54  60.3 MiB/s
 53% [#######################                     ] ETA:   0:00:54  60.3 MiB/s
 53% [#######################                     ] ETA:   0:00:54  60.3 MiB/s
 53% [#######################                     ] ETA:   0:00:54  60.3 MiB/s
 53% [#######################                     ] ETA:   0:00:54  60.3 MiB/s
 53% [#######################                     ] ETA:   0:00:53  60.3 MiB/s
 53% [#######################                     ] ETA:   0:00:53  60.3 MiB/s
 54% [#######################                     ] ETA:   0:00:53  60.3 MiB/s
 54% [#######################                     ] ETA:   0:00:53  60.3 MiB/s
 54% [#######################                     ] ETA:   0:00:53  60.3 MiB/s
 54% [#######################                     ] ETA:   0:00:53  60.3 MiB/s
 54% [#######################                     ] ETA:   0:00:53  60.4 MiB/s
 54% [#######################                     ] ETA:   0:00:53  60.3 MiB/s
 54% [########################                    ] ETA:   0:00:52  60.3 MiB/s
 54% [########################                    ] ETA:   0:00:52  60.3 MiB/s
 54% [########################                    ] ETA:   0:00:52  60.4 MiB/s
 54% [########################                    ] ETA:   0:00:52  60.4 MiB/s
 55% [########################                    ] ETA:   0:00:52  60.4 MiB/s
 55% [########################                    ] ETA:   0:00:52  60.4 MiB/s
 55% [########################                    ] ETA:   0:00:52  60.4 MiB/s
 55% [########################                    ] ETA:   0:00:52  60.4 MiB/s
 55% [########################                    ] ETA:   0:00:51  60.4 MiB/s
 55% [########################                    ] ETA:   0:00:51  60.4 MiB/s
 55% [########################                    ] ETA:   0:00:51  60.4 MiB/s
 55% [########################                    ] ETA:   0:00:51  60.4 MiB/s
 55% [########################                    ] ETA:   0:00:51  60.4 MiB/s
 55% [########################                    ] ETA:   0:00:51  60.4 MiB/s
 56% [########################                    ] ETA:   0:00:51  60.4 MiB/s
 56% [########################                    ] ETA:   0:00:51  60.4 MiB/s
 56% [########################                    ] ETA:   0:00:50  60.4 MiB/s
 56% [########################                    ] ETA:   0:00:50  60.4 MiB/s
 56% [########################                    ] ETA:   0:00:50  60.4 MiB/s
 56% [########################                    ] ETA:   0:00:50  60.5 MiB/s
 56% [########################                    ] ETA:   0:00:50  60.5 MiB/s
 56% [#########################                   ] ETA:   0:00:50  60.5 MiB/s
 56% [#########################                   ] ETA:   0:00:50  60.5 MiB/s
 57% [#########################                   ] ETA:   0:00:49  60.5 MiB/s
 57% [#########################                   ] ETA:   0:00:49  60.5 MiB/s
 57% [#########################                   ] ETA:   0:00:49  60.5 MiB/s
 57% [#########################                   ] ETA:   0:00:49  60.5 MiB/s
 57% [#########################                   ] ETA:   0:00:49  60.5 MiB/s
 57% [#########################                   ] ETA:   0:00:49  60.5 MiB/s
 57% [#########################                   ] ETA:   0:00:49  60.5 MiB/s
 57% [#########################                   ] ETA:   0:00:49  60.5 MiB/s
 57% [#########################                   ] ETA:   0:00:49  60.5 MiB/s
 58% [#########################                   ] ETA:   0:00:48  60.5 MiB/s
 58% [#########################                   ] ETA:   0:00:48  60.5 MiB/s
 58% [#########################                   ] ETA:   0:00:49  59.9 MiB/s
 58% [#########################                   ] ETA:   0:00:47  60.6 MiB/s
 59% [#########################                   ] ETA:   0:00:47  60.5 MiB/s
 59% [##########################                  ] ETA:   0:00:47  60.6 MiB/s
 59% [##########################                  ] ETA:   0:00:47  60.6 MiB/s
 59% [##########################                  ] ETA:   0:00:47  60.6 MiB/s
 59% [##########################                  ] ETA:   0:00:47  60.6 MiB/s
 59% [##########################                  ] ETA:   0:00:46  60.6 MiB/s
 59% [##########################                  ] ETA:   0:00:46  60.6 MiB/s
 59% [##########################                  ] ETA:   0:00:46  60.6 MiB/s
 59% [##########################                  ] ETA:   0:00:46  60.6 MiB/s
 60% [##########################                  ] ETA:   0:00:46  60.6 MiB/s
 60% [##########################                  ] ETA:   0:00:46  60.6 MiB/s
 60% [##########################                  ] ETA:   0:00:46  60.6 MiB/s
 60% [##########################                  ] ETA:   0:00:45  60.6 MiB/s
 60% [##########################                  ] ETA:   0:00:45  60.6 MiB/s
 60% [##########################                  ] ETA:   0:00:45  60.6 MiB/s
 60% [##########################                  ] ETA:   0:00:45  60.6 MiB/s
 60% [##########################                  ] ETA:   0:00:45  60.6 MiB/s
 60% [##########################                  ] ETA:   0:00:45  60.7 MiB/s
 61% [##########################                  ] ETA:   0:00:45  60.7 MiB/s
 61% [##########################                  ] ETA:   0:00:45  60.7 MiB/s
 61% [##########################                  ] ETA:   0:00:44  60.7 MiB/s
 61% [###########################                 ] ETA:   0:00:44  60.7 MiB/s
 61% [###########################                 ] ETA:   0:00:44  60.7 MiB/s
 61% [###########################                 ] ETA:   0:00:44  60.7 MiB/s
 61% [###########################                 ] ETA:   0:00:44  60.7 MiB/s
 61% [###########################                 ] ETA:   0:00:44  60.7 MiB/s
 61% [###########################                 ] ETA:   0:00:44  60.7 MiB/s
 62% [###########################                 ] ETA:   0:00:43  60.7 MiB/s
 62% [###########################                 ] ETA:   0:00:43  60.7 MiB/s
 62% [###########################                 ] ETA:   0:00:43  60.7 MiB/s
 62% [###########################                 ] ETA:   0:00:43  60.7 MiB/s
 62% [###########################                 ] ETA:   0:00:43  60.7 MiB/s
 62% [###########################                 ] ETA:   0:00:43  60.7 MiB/s
 62% [###########################                 ] ETA:   0:00:43  60.8 MiB/s
 62% [###########################                 ] ETA:   0:00:42  60.8 MiB/s
 63% [###########################                 ] ETA:   0:00:42  60.8 MiB/s
 63% [###########################                 ] ETA:   0:00:42  60.8 MiB/s
 63% [###########################                 ] ETA:   0:00:42  60.8 MiB/s
 63% [###########################                 ] ETA:   0:00:42  60.8 MiB/s
 63% [###########################                 ] ETA:   0:00:42  60.8 MiB/s
 63% [###########################                 ] ETA:   0:00:42  60.8 MiB/s
 63% [############################                ] ETA:   0:00:42  60.8 MiB/s
 63% [############################                ] ETA:   0:00:41  60.8 MiB/s
 63% [############################                ] ETA:   0:00:41  60.8 MiB/s
 64% [############################                ] ETA:   0:00:41  60.8 MiB/s
 64% [############################                ] ETA:   0:00:41  60.8 MiB/s
 64% [############################                ] ETA:   0:00:41  60.8 MiB/s
 64% [############################                ] ETA:   0:00:41  60.8 MiB/s
 64% [############################                ] ETA:   0:00:41  60.8 MiB/s
 64% [############################                ] ETA:   0:00:40  60.9 MiB/s
 64% [############################                ] ETA:   0:00:40  60.9 MiB/s
 64% [############################                ] ETA:   0:00:40  60.9 MiB/s
 64% [############################                ] ETA:   0:00:40  60.9 MiB/s
 64% [############################                ] ETA:   0:00:40  60.8 MiB/s
 65% [############################                ] ETA:   0:00:40  60.8 MiB/s
 65% [############################                ] ETA:   0:00:40  60.9 MiB/s
 65% [############################                ] ETA:   0:00:40  60.9 MiB/s
 65% [############################                ] ETA:   0:00:40  60.9 MiB/s
 65% [############################                ] ETA:   0:00:39  60.9 MiB/s
 65% [############################                ] ETA:   0:00:39  60.9 MiB/s
 65% [############################                ] ETA:   0:00:39  60.9 MiB/s
 65% [############################                ] ETA:   0:00:39  60.9 MiB/s
 65% [#############################               ] ETA:   0:00:39  60.9 MiB/s
 66% [#############################               ] ETA:   0:00:39  60.9 MiB/s
 66% [#############################               ] ETA:   0:00:39  60.9 MiB/s
 66% [#############################               ] ETA:   0:00:38  60.9 MiB/s
 66% [#############################               ] ETA:   0:00:38  60.9 MiB/s
 66% [#############################               ] ETA:   0:00:38  60.9 MiB/s
 66% [#############################               ] ETA:   0:00:38  60.9 MiB/s
 66% [#############################               ] ETA:   0:00:38  60.9 MiB/s
 66% [#############################               ] ETA:   0:00:38  60.9 MiB/s
 66% [#############################               ] ETA:   0:00:38  60.9 MiB/s
 66% [#############################               ] ETA:   0:00:38  60.9 MiB/s
 67% [#############################               ] ETA:   0:00:38  60.9 MiB/s
 67% [#############################               ] ETA:   0:00:38  60.9 MiB/s
 67% [#############################               ] ETA:   0:00:37  60.9 MiB/s
 67% [#############################               ] ETA:   0:00:37  60.9 MiB/s
 67% [#############################               ] ETA:   0:00:37  60.9 MiB/s
 67% [#############################               ] ETA:   0:00:37  60.9 MiB/s
 67% [#############################               ] ETA:   0:00:37  60.9 MiB/s
 67% [#############################               ] ETA:   0:00:37  60.9 MiB/s
 67% [#############################               ] ETA:   0:00:37  60.9 MiB/s
 67% [#############################               ] ETA:   0:00:37  60.9 MiB/s
 67% [#############################               ] ETA:   0:00:37  60.9 MiB/s
 68% [#############################               ] ETA:   0:00:36  60.9 MiB/s
 68% [##############################              ] ETA:   0:00:36  60.9 MiB/s
 68% [##############################              ] ETA:   0:00:36  60.9 MiB/s
 68% [##############################              ] ETA:   0:00:36  60.9 MiB/s
 68% [##############################              ] ETA:   0:00:36  60.9 MiB/s
 68% [##############################              ] ETA:   0:00:36  60.9 MiB/s
 68% [##############################              ] ETA:   0:00:36  60.9 MiB/s
 68% [##############################              ] ETA:   0:00:36  61.0 MiB/s
 68% [##############################              ] ETA:   0:00:35  61.0 MiB/s
 69% [##############################              ] ETA:   0:00:35  61.0 MiB/s
 69% [##############################              ] ETA:   0:00:35  61.0 MiB/s
 69% [##############################              ] ETA:   0:00:35  61.0 MiB/s
 69% [##############################              ] ETA:   0:00:35  61.0 MiB/s
 69% [##############################              ] ETA:   0:00:35  61.0 MiB/s
 69% [##############################              ] ETA:   0:00:35  61.0 MiB/s
 69% [##############################              ] ETA:   0:00:35  61.0 MiB/s
 69% [##############################              ] ETA:   0:00:34  61.0 MiB/s
 69% [##############################              ] ETA:   0:00:34  61.0 MiB/s
 69% [##############################              ] ETA:   0:00:34  61.0 MiB/s
 70% [##############################              ] ETA:   0:00:34  61.0 MiB/s
 70% [##############################              ] ETA:   0:00:34  61.0 MiB/s
 70% [##############################              ] ETA:   0:00:34  61.0 MiB/s
 70% [##############################              ] ETA:   0:00:34  61.0 MiB/s
 70% [##############################              ] ETA:   0:00:34  61.0 MiB/s
 70% [###############################             ] ETA:   0:00:34  61.0 MiB/s
 70% [###############################             ] ETA:   0:00:33  61.0 MiB/s
 70% [###############################             ] ETA:   0:00:33  61.0 MiB/s
 70% [###############################             ] ETA:   0:00:33  61.0 MiB/s
 70% [###############################             ] ETA:   0:00:33  61.0 MiB/s
 71% [###############################             ] ETA:   0:00:33  61.0 MiB/s
 71% [###############################             ] ETA:   0:00:33  61.0 MiB/s
 71% [###############################             ] ETA:   0:00:33  61.0 MiB/s
 71% [###############################             ] ETA:   0:00:33  61.0 MiB/s
 71% [###############################             ] ETA:   0:00:32  61.0 MiB/s
 71% [###############################             ] ETA:   0:00:32  61.1 MiB/s
 71% [###############################             ] ETA:   0:00:32  61.0 MiB/s
 71% [###############################             ] ETA:   0:00:32  61.1 MiB/s
 71% [###############################             ] ETA:   0:00:32  61.1 MiB/s
 71% [###############################             ] ETA:   0:00:32  61.0 MiB/s
 72% [###############################             ] ETA:   0:00:32  61.1 MiB/s
 72% [###############################             ] ETA:   0:00:32  61.1 MiB/s
 72% [###############################             ] ETA:   0:00:31  61.1 MiB/s
 72% [###############################             ] ETA:   0:00:31  61.1 MiB/s
 72% [###############################             ] ETA:   0:00:31  61.1 MiB/s
 72% [###############################             ] ETA:   0:00:31  61.1 MiB/s
 72% [###############################             ] ETA:   0:00:31  61.1 MiB/s
 72% [################################            ] ETA:   0:00:31  60.9 MiB/s
 73% [################################            ] ETA:   0:00:31  61.1 MiB/s
 73% [################################            ] ETA:   0:00:30  61.1 MiB/s
 73% [################################            ] ETA:   0:00:30  61.1 MiB/s
 73% [################################            ] ETA:   0:00:30  61.1 MiB/s
 73% [################################            ] ETA:   0:00:30  61.1 MiB/s
 73% [################################            ] ETA:   0:00:30  61.1 MiB/s
 73% [################################            ] ETA:   0:00:30  61.1 MiB/s
 73% [################################            ] ETA:   0:00:30  61.1 MiB/s
 73% [################################            ] ETA:   0:00:30  61.1 MiB/s
 73% [################################            ] ETA:   0:00:30  61.1 MiB/s
 74% [################################            ] ETA:   0:00:29  61.1 MiB/s
 74% [################################            ] ETA:   0:00:29  61.1 MiB/s
 74% [################################            ] ETA:   0:00:29  61.1 MiB/s
 74% [################################            ] ETA:   0:00:29  61.1 MiB/s
 74% [################################            ] ETA:   0:00:29  61.1 MiB/s
 74% [################################            ] ETA:   0:00:29  61.1 MiB/s
 74% [################################            ] ETA:   0:00:29  61.1 MiB/s
 74% [################################            ] ETA:   0:00:29  61.1 MiB/s
 74% [################################            ] ETA:   0:00:28  61.2 MiB/s
 75% [#################################           ] ETA:   0:00:28  61.2 MiB/s
 75% [#################################           ] ETA:   0:00:28  61.2 MiB/s
 75% [#################################           ] ETA:   0:00:28  61.2 MiB/s
 75% [#################################           ] ETA:   0:00:28  61.2 MiB/s
 75% [#################################           ] ETA:   0:00:28  61.2 MiB/s
 75% [#################################           ] ETA:   0:00:28  61.2 MiB/s
 75% [#################################           ] ETA:   0:00:28  61.2 MiB/s
 75% [#################################           ] ETA:   0:00:27  61.2 MiB/s
 75% [#################################           ] ETA:   0:00:27  61.2 MiB/s
 75% [#################################           ] ETA:   0:00:27  61.2 MiB/s
 76% [#################################           ] ETA:   0:00:27  61.2 MiB/s
 76% [#################################           ] ETA:   0:00:27  61.2 MiB/s
 76% [#################################           ] ETA:   0:00:27  61.2 MiB/s
 76% [#################################           ] ETA:   0:00:27  61.2 MiB/s
 76% [#################################           ] ETA:   0:00:27  61.2 MiB/s
 76% [#################################           ] ETA:   0:00:26  61.2 MiB/s
 76% [#################################           ] ETA:   0:00:26  61.2 MiB/s
 76% [#################################           ] ETA:   0:00:26  61.2 MiB/s
 76% [#################################           ] ETA:   0:00:26  61.2 MiB/s
 77% [#################################           ] ETA:   0:00:26  61.2 MiB/s
 77% [#################################           ] ETA:   0:00:26  61.2 MiB/s
 77% [##################################          ] ETA:   0:00:26  61.2 MiB/s
 77% [##################################          ] ETA:   0:00:25  61.2 MiB/s
 77% [##################################          ] ETA:   0:00:25  61.2 MiB/s
 77% [##################################          ] ETA:   0:00:25  61.3 MiB/s
 77% [##################################          ] ETA:   0:00:25  61.3 MiB/s
 77% [##################################          ] ETA:   0:00:25  61.3 MiB/s
 77% [##################################          ] ETA:   0:00:25  61.3 MiB/s
 78% [##################################          ] ETA:   0:00:25  61.3 MiB/s
 78% [##################################          ] ETA:   0:00:25  61.3 MiB/s
 78% [##################################          ] ETA:   0:00:24  61.3 MiB/s
 78% [##################################          ] ETA:   0:00:24  61.3 MiB/s
 78% [##################################          ] ETA:   0:00:24  61.3 MiB/s
 78% [##################################          ] ETA:   0:00:24  61.3 MiB/s
 78% [##################################          ] ETA:   0:00:24  61.3 MiB/s
 78% [##################################          ] ETA:   0:00:24  61.3 MiB/s
 78% [##################################          ] ETA:   0:00:24  61.3 MiB/s
 78% [##################################          ] ETA:   0:00:24  61.3 MiB/s
 79% [##################################          ] ETA:   0:00:24  61.3 MiB/s
 79% [##################################          ] ETA:   0:00:23  61.3 MiB/s
 79% [##################################          ] ETA:   0:00:23  61.3 MiB/s
 79% [##################################          ] ETA:   0:00:23  61.3 MiB/s
 79% [##################################          ] ETA:   0:00:23  61.3 MiB/s
 79% [###################################         ] ETA:   0:00:23  61.3 MiB/s
 79% [###################################         ] ETA:   0:00:23  61.3 MiB/s
 79% [###################################         ] ETA:   0:00:23  61.3 MiB/s
 79% [###################################         ] ETA:   0:00:23  61.3 MiB/s
 79% [###################################         ] ETA:   0:00:23  61.3 MiB/s
 80% [###################################         ] ETA:   0:00:22  61.3 MiB/s
 80% [###################################         ] ETA:   0:00:22  61.3 MiB/s
 80% [###################################         ] ETA:   0:00:22  61.3 MiB/s
 80% [###################################         ] ETA:   0:00:22  61.3 MiB/s
 80% [###################################         ] ETA:   0:00:22  61.3 MiB/s
 80% [###################################         ] ETA:   0:00:22  61.3 MiB/s
 80% [###################################         ] ETA:   0:00:22  61.3 MiB/s
 80% [###################################         ] ETA:   0:00:22  61.3 MiB/s
 80% [###################################         ] ETA:   0:00:21  61.3 MiB/s
 80% [###################################         ] ETA:   0:00:21  61.3 MiB/s
 81% [###################################         ] ETA:   0:00:21  61.4 MiB/s
 81% [###################################         ] ETA:   0:00:21  61.3 MiB/s
 81% [###################################         ] ETA:   0:00:21  61.3 MiB/s
 81% [###################################         ] ETA:   0:00:21  61.3 MiB/s
 81% [###################################         ] ETA:   0:00:21  61.4 MiB/s
 81% [###################################         ] ETA:   0:00:21  61.4 MiB/s
 81% [###################################         ] ETA:   0:00:21  61.4 MiB/s
 81% [###################################         ] ETA:   0:00:20  61.4 MiB/s
 81% [####################################        ] ETA:   0:00:20  61.4 MiB/s
 82% [####################################        ] ETA:   0:00:20  61.4 MiB/s
 82% [####################################        ] ETA:   0:00:20  61.4 MiB/s
 82% [####################################        ] ETA:   0:00:20  61.4 MiB/s
 82% [####################################        ] ETA:   0:00:20  61.4 MiB/s
 82% [####################################        ] ETA:   0:00:20  61.4 MiB/s
 82% [####################################        ] ETA:   0:00:20  61.4 MiB/s
 82% [####################################        ] ETA:   0:00:19  61.4 MiB/s
 82% [####################################        ] ETA:   0:00:19  61.4 MiB/s
 82% [####################################        ] ETA:   0:00:19  61.4 MiB/s
 82% [####################################        ] ETA:   0:00:19  61.4 MiB/s
 83% [####################################        ] ETA:   0:00:19  61.4 MiB/s
 83% [####################################        ] ETA:   0:00:19  61.4 MiB/s
 83% [####################################        ] ETA:   0:00:19  61.4 MiB/s
 83% [####################################        ] ETA:   0:00:19  61.4 MiB/s
 83% [####################################        ] ETA:   0:00:18  61.4 MiB/s
 83% [####################################        ] ETA:   0:00:18  61.4 MiB/s
 83% [####################################        ] ETA:   0:00:18  61.4 MiB/s
 83% [####################################        ] ETA:   0:00:18  61.4 MiB/s
 83% [####################################        ] ETA:   0:00:18  61.4 MiB/s
 83% [####################################        ] ETA:   0:00:18  61.4 MiB/s
 84% [####################################        ] ETA:   0:00:18  61.4 MiB/s
 84% [#####################################       ] ETA:   0:00:18  61.4 MiB/s
 84% [#####################################       ] ETA:   0:00:18  61.4 MiB/s
 84% [#####################################       ] ETA:   0:00:17  61.4 MiB/s
 84% [#####################################       ] ETA:   0:00:17  61.4 MiB/s
 84% [#####################################       ] ETA:   0:00:17  61.4 MiB/s
 84% [#####################################       ] ETA:   0:00:17  61.5 MiB/s
 84% [#####################################       ] ETA:   0:00:17  61.5 MiB/s
 84% [#####################################       ] ETA:   0:00:17  61.4 MiB/s
 85% [#####################################       ] ETA:   0:00:17  61.4 MiB/s
 85% [#####################################       ] ETA:   0:00:17  61.4 MiB/s
 85% [#####################################       ] ETA:   0:00:16  61.4 MiB/s
 85% [#####################################       ] ETA:   0:00:16  61.4 MiB/s
 85% [#####################################       ] ETA:   0:00:16  61.4 MiB/s
 85% [#####################################       ] ETA:   0:00:16  61.4 MiB/s
 85% [#####################################       ] ETA:   0:00:16  61.4 MiB/s
 85% [#####################################       ] ETA:   0:00:16  61.4 MiB/s
 85% [#####################################       ] ETA:   0:00:16  61.4 MiB/s
 85% [#####################################       ] ETA:   0:00:16  61.4 MiB/s
 86% [#####################################       ] ETA:   0:00:16  61.4 MiB/s
 86% [#####################################       ] ETA:   0:00:15  61.4 MiB/s
 86% [#####################################       ] ETA:   0:00:15  61.4 MiB/s
 86% [#####################################       ] ETA:   0:00:15  61.4 MiB/s
 86% [######################################      ] ETA:   0:00:15  61.4 MiB/s
 86% [######################################      ] ETA:   0:00:15  61.4 MiB/s
 86% [######################################      ] ETA:   0:00:15  61.4 MiB/s
 86% [######################################      ] ETA:   0:00:15  61.4 MiB/s
 86% [######################################      ] ETA:   0:00:15  61.5 MiB/s
 86% [######################################      ] ETA:   0:00:14  61.5 MiB/s
 87% [######################################      ] ETA:   0:00:14  61.5 MiB/s
 87% [######################################      ] ETA:   0:00:14  61.4 MiB/s
 87% [######################################      ] ETA:   0:00:14  61.4 MiB/s
 87% [######################################      ] ETA:   0:00:14  61.3 MiB/s
 87% [######################################      ] ETA:   0:00:14  61.5 MiB/s
 87% [######################################      ] ETA:   0:00:14  61.5 MiB/s
 87% [######################################      ] ETA:   0:00:13  61.5 MiB/s
 87% [######################################      ] ETA:   0:00:13  61.5 MiB/s
 88% [######################################      ] ETA:   0:00:13  61.5 MiB/s
 88% [######################################      ] ETA:   0:00:13  61.5 MiB/s
 88% [######################################      ] ETA:   0:00:13  61.4 MiB/s
 88% [######################################      ] ETA:   0:00:13  61.4 MiB/s
 88% [######################################      ] ETA:   0:00:13  61.4 MiB/s
 88% [######################################      ] ETA:   0:00:13  61.4 MiB/s
 88% [######################################      ] ETA:   0:00:13  61.4 MiB/s
 88% [#######################################     ] ETA:   0:00:12  61.4 MiB/s
 88% [#######################################     ] ETA:   0:00:12  61.5 MiB/s
 88% [#######################################     ] ETA:   0:00:12  61.5 MiB/s
 88% [#######################################     ] ETA:   0:00:12  61.4 MiB/s
 89% [#######################################     ] ETA:   0:00:12  61.4 MiB/s
 89% [#######################################     ] ETA:   0:00:12  61.4 MiB/s
 89% [#######################################     ] ETA:   0:00:12  61.4 MiB/s
 89% [#######################################     ] ETA:   0:00:12  61.4 MiB/s
 89% [#######################################     ] ETA:   0:00:12  61.4 MiB/s
 89% [#######################################     ] ETA:   0:00:11  61.4 MiB/s
 89% [#######################################     ] ETA:   0:00:11  61.4 MiB/s
 89% [#######################################     ] ETA:   0:00:11  61.4 MiB/s
 89% [#######################################     ] ETA:   0:00:11  61.4 MiB/s
 90% [#######################################     ] ETA:   0:00:11  61.5 MiB/s
 90% [#######################################     ] ETA:   0:00:11  61.5 MiB/s
 90% [#######################################     ] ETA:   0:00:11  61.5 MiB/s
 90% [#######################################     ] ETA:   0:00:10  61.5 MiB/s
 90% [#######################################     ] ETA:   0:00:10  61.5 MiB/s
 90% [#######################################     ] ETA:   0:00:10  61.5 MiB/s
 90% [#######################################     ] ETA:   0:00:10  61.5 MiB/s
 90% [#######################################     ] ETA:   0:00:10  61.5 MiB/s
 91% [########################################    ] ETA:   0:00:10  61.5 MiB/s
 91% [########################################    ] ETA:   0:00:10  61.5 MiB/s
 91% [########################################    ] ETA:   0:00:10  61.5 MiB/s
 91% [########################################    ] ETA:   0:00:09  61.5 MiB/s
 91% [########################################    ] ETA:   0:00:09  61.5 MiB/s
 91% [########################################    ] ETA:   0:00:09  61.5 MiB/s
 91% [########################################    ] ETA:   0:00:09  61.5 MiB/s
 91% [########################################    ] ETA:   0:00:09  61.5 MiB/s
 91% [########################################    ] ETA:   0:00:09  61.5 MiB/s
 92% [########################################    ] ETA:   0:00:09  61.5 MiB/s
 92% [########################################    ] ETA:   0:00:08  61.5 MiB/s
 92% [########################################    ] ETA:   0:00:08  61.5 MiB/s
 92% [########################################    ] ETA:   0:00:08  61.5 MiB/s
 92% [########################################    ] ETA:   0:00:08  61.5 MiB/s
 92% [########################################    ] ETA:   0:00:08  61.5 MiB/s
 92% [########################################    ] ETA:   0:00:08  61.5 MiB/s
 92% [########################################    ] ETA:   0:00:08  61.5 MiB/s
 92% [########################################    ] ETA:   0:00:08  61.5 MiB/s
 93% [########################################    ] ETA:   0:00:07  61.5 MiB/s
 93% [########################################    ] ETA:   0:00:07  61.5 MiB/s
 93% [#########################################   ] ETA:   0:00:07  61.5 MiB/s
 93% [#########################################   ] ETA:   0:00:07  61.5 MiB/s
 93% [#########################################   ] ETA:   0:00:07  61.5 MiB/s
 93% [#########################################   ] ETA:   0:00:07  61.5 MiB/s
 93% [#########################################   ] ETA:   0:00:07  61.5 MiB/s
 93% [#########################################   ] ETA:   0:00:07  61.5 MiB/s
 93% [#########################################   ] ETA:   0:00:07  61.5 MiB/s
 93% [#########################################   ] ETA:   0:00:06  61.5 MiB/s
 94% [#########################################   ] ETA:   0:00:06  61.5 MiB/s
 94% [#########################################   ] ETA:   0:00:06  61.6 MiB/s
 94% [#########################################   ] ETA:   0:00:06  61.6 MiB/s
 94% [#########################################   ] ETA:   0:00:06  61.6 MiB/s
 94% [#########################################   ] ETA:   0:00:06  61.5 MiB/s
 94% [#########################################   ] ETA:   0:00:06  61.5 MiB/s
 94% [#########################################   ] ETA:   0:00:06  61.5 MiB/s
 94% [#########################################   ] ETA:   0:00:05  61.6 MiB/s
 94% [#########################################   ] ETA:   0:00:05  61.6 MiB/s
 94% [#########################################   ] ETA:   0:00:05  61.6 MiB/s
 95% [#########################################   ] ETA:   0:00:05  61.6 MiB/s
 95% [#########################################   ] ETA:   0:00:05  61.6 MiB/s
 95% [#########################################   ] ETA:   0:00:05  61.6 MiB/s
 95% [#########################################   ] ETA:   0:00:05  61.6 MiB/s
 95% [##########################################  ] ETA:   0:00:05  61.6 MiB/s
 95% [##########################################  ] ETA:   0:00:04  61.6 MiB/s
 95% [##########################################  ] ETA:   0:00:04  61.6 MiB/s
 95% [##########################################  ] ETA:   0:00:04  61.6 MiB/s
 96% [##########################################  ] ETA:   0:00:04  61.6 MiB/s
 96% [##########################################  ] ETA:   0:00:04  61.6 MiB/s
 96% [##########################################  ] ETA:   0:00:04  61.6 MiB/s
 96% [##########################################  ] ETA:   0:00:04  61.6 MiB/s
 96% [##########################################  ] ETA:   0:00:04  61.6 MiB/s
 96% [##########################################  ] ETA:   0:00:04  61.6 MiB/s
 96% [##########################################  ] ETA:   0:00:03  61.6 MiB/s
 96% [##########################################  ] ETA:   0:00:03  61.6 MiB/s
 96% [##########################################  ] ETA:   0:00:03  61.6 MiB/s
 96% [##########################################  ] ETA:   0:00:03  61.6 MiB/s
 97% [##########################################  ] ETA:   0:00:03  61.6 MiB/s
 97% [##########################################  ] ETA:   0:00:03  61.6 MiB/s
 97% [##########################################  ] ETA:   0:00:03  61.6 MiB/s
 97% [##########################################  ] ETA:   0:00:02  61.6 MiB/s
 97% [##########################################  ] ETA:   0:00:02  61.6 MiB/s
 97% [##########################################  ] ETA:   0:00:02  61.6 MiB/s
 97% [##########################################  ] ETA:   0:00:02  61.6 MiB/s
 97% [########################################### ] ETA:   0:00:02  61.6 MiB/s
 97% [########################################### ] ETA:   0:00:02  61.6 MiB/s
 98% [########################################### ] ETA:   0:00:02  61.6 MiB/s
 98% [########################################### ] ETA:   0:00:02  61.6 MiB/s
 98% [########################################### ] ETA:   0:00:02  61.6 MiB/s
 98% [########################################### ] ETA:   0:00:01  61.6 MiB/s
 98% [########################################### ] ETA:   0:00:01  61.6 MiB/s
 98% [########################################### ] ETA:   0:00:01  61.6 MiB/s
 98% [########################################### ] ETA:   0:00:01  61.6 MiB/s
 98% [########################################### ] ETA:   0:00:01  61.6 MiB/s
 98% [########################################### ] ETA:   0:00:01  61.6 MiB/s
 98% [########################################### ] ETA:   0:00:01  61.6 MiB/s
 99% [########################################### ] ETA:   0:00:01  61.6 MiB/s
 99% [########################################### ] ETA:   0:00:00  61.6 MiB/s
 99% [########################################### ] ETA:   0:00:00  61.7 MiB/s
 99% [########################################### ] ETA:   0:00:00  61.7 MiB/s
 99% [########################################### ] ETA:   0:00:00  61.7 MiB/s
 99% [########################################### ] ETA:   0:00:00  61.7 MiB/s
 99% [########################################### ] ETA:   0:00:00  61.7 MiB/s
 99% [########################################### ] ETA:   0:00:00  61.6 MiB/s
 99% [########################################### ] ETA:   0:00:00  61.6 MiB/s
 99% [########################################### ] ETA:   0:00:00  61.6 MiB/s
 99% [########################################### ] ETA:   0:00:00  61.5 MiB/s
 99% [########################################### ] ETA:   0:00:00  61.5 MiB/s
100% [############################################] ETA:  00:00:00  60.6 MiB/s
100% [############################################] Time:  0:01:56  60.2 MiB/s
  0% [                                              ] ETA:  --:--:--   0.0 s/B
 23% [##########                                  ] ETA:   0:00:08 410.8 KiB/s
 46% [####################                        ] ETA:   0:00:03 742.9 KiB/s
 69% [##############################              ] ETA:   0:00:01   1.0 MiB/s
 92% [########################################    ] ETA:   0:00:00   1.3 MiB/s
100% [############################################] Time:  0:00:03   1.1 MiB/s
[32mSuccessfully downloaded[0m: 1
bam file exists but bed file does not
running intron-prospector...
both bed and bam files now exist
deleting bam file

checking TCGA-75-5146-01A

checking TCGA-38-4626-01A

checking TCGA-44-5644-01A

checking TCGA-44-5643-01A

checking TCGA-55-8512-01A

checking TCGA-86-8279-01A

checking TCGA-83-5908-01A

checking TCGA-44-6774-01A

checking TCGA-67-3774-01A

checking TCGA-05-4430-01A

checking TCGA-49-6745-01A

checking TCGA-55-A57B-01A

checking TCGA-38-7271-01A

checking TCGA-75-7027-01A

checking TCGA-MP-A4T7-01A

checking TCGA-55-6642-01A

checking TCGA-NJ-A4YQ-01A

checking TCGA-73-4666-01A

checking TCGA-86-7714-01A

checking TCGA-86-7953-01A

checking TCGA-75-7031-01A

checking TCGA-97-A4M3-01A

checking TCGA-49-AAR3-01A

checking TCGA-55-8620-01A

checking TCGA-75-6207-01A

checking TCGA-69-8255-01A

checking TCGA-50-5068-01A

checking TCGA-97-A4M5-01A

checking TCGA-44-7671-01A

checking TCGA-44-6145-01A

checking TCGA-55-6978-01A

checking TCGA-62-8399-01A

checking TCGA-05-5429-01A

checking TCGA-44-7669-01A

checking TCGA-69-A59K-01A

checking TCGA-MP-A4T6-01A

checking TCGA-75-7025-01A

checking TCGA-55-8094-01A

checking TCGA-55-8085-01A

checking TCGA-93-A4JQ-01A

checking TCGA-MP-A4T8-01A

checking TCGA-55-7903-01A

checking TCGA-86-8669-01A

checking TCGA-50-6594-01A

checking TCGA-MP-A4TF-01A

checking TCGA-NJ-A55O-01A

checking TCGA-97-8174-01A

checking TCGA-62-8397-01A

checking TCGA-95-8039-01A

checking TCGA-86-8075-01A

checking TCGA-MP-A5C7-01A

checking TCGA-86-A4P7-01A

checking TCGA-49-AAQV-01A

checking TCGA-91-6847-01A

checking TCGA-MP-A4TC-01A

checking TCGA-55-6975-01A

checking TCGA-49-AARQ-01A

checking TCGA-69-7979-01A

checking TCGA-55-8513-01A

checking TCGA-55-8614-01A

checking TCGA-55-7574-01A

checking TCGA-97-7554-01A

checking TCGA-50-6673-01A

checking TCGA-44-7662-01A

checking TCGA-49-4487-01A

checking TCGA-97-8547-01A

checking TCGA-73-4668-01A

checking TCGA-64-1681-01A

checking TCGA-91-6840-01A

checking TCGA-86-8073-01A

checking TCGA-99-AA5R-01A

checking TCGA-53-7813-01A

checking TCGA-55-7914-01A

checking TCGA-55-8092-01A

checking TCGA-49-6761-01A

checking TCGA-78-7159-01A

checking TCGA-55-7227-01A

checking TCGA-78-7145-01A

checking TCGA-80-5608-01A

checking TCGA-NJ-A4YF-01A

checking TCGA-91-6830-01A

checking TCGA-78-7163-01A

checking TCGA-78-8648-01A

checking TCGA-50-8460-01A

checking TCGA-L9-A444-01A

checking TCGA-80-5611-01A

checking TCGA-55-7994-01A

checking TCGA-05-4424-01A

checking TCGA-44-3918-01A

checking TCGA-49-4490-01A

checking TCGA-44-8117-01A

checking TCGA-MN-A4N1-01A

checking TCGA-05-4397-01A

checking TCGA-75-5122-01A

checking TCGA-62-A46U-01A

checking TCGA-44-7667-01A

checking TCGA-NJ-A55R-01A

checking TCGA-49-AAR4-01A

checking TCGA-50-5933-01A

checking TCGA-NJ-A4YG-01A

checking TCGA-MP-A4TH-01A

checking TCGA-86-8359-01A

checking TCGA-64-1679-01A

checking TCGA-99-8032-01A

checking TCGA-50-7109-01A

checking TCGA-64-5778-01A

checking TCGA-44-8120-01A

checking TCGA-99-8025-01A

checking TCGA-55-8205-01A

checking TCGA-35-4122-01A

checking TCGA-69-7760-01A

checking TCGA-91-6828-01A

checking TCGA-55-8510-01A

checking TCGA-50-5049-01A

checking TCGA-50-5045-01A

checking TCGA-99-8028-01A

checking TCGA-78-7150-01A

checking TCGA-75-6205-01A

checking TCGA-93-A4JN-01A

checking TCGA-95-A4VP-01A

checking TCGA-55-7910-01A

checking TCGA-NJ-A55A-01A

checking TCGA-05-4433-01A

checking TCGA-78-7153-01A

checking TCGA-44-A4SU-01A

checking TCGA-49-4514-01A

checking TCGA-86-8671-01A

checking TCGA-05-4415-01A

checking TCGA-44-6779-01A

checking TCGA-38-4628-01A

checking TCGA-49-AARE-01A

checking TCGA-78-7536-01A

checking TCGA-44-2662-01A

checking TCGA-97-A4M0-01A

checking TCGA-95-7947-01A

checking TCGA-97-8172-01A

checking TCGA-44-6146-01A

checking TCGA-38-4630-01A

checking TCGA-55-1594-01A

checking TCGA-91-6836-01A

checking TCGA-86-8076-01A

checking TCGA-55-7724-01A

checking TCGA-91-7771-01A

checking TCGA-50-5939-01A

checking TCGA-64-1677-01A

checking TCGA-38-6178-01A

checking TCGA-55-7573-01A

checking TCGA-05-4405-01A

checking TCGA-J2-8194-01A

checking TCGA-44-8119-01A

checking TCGA-44-7670-01A

checking TCGA-05-4402-01A

checking TCGA-64-5775-01A

checking TCGA-05-4427-01A

checking TCGA-50-5051-01A

checking TCGA-62-A471-01A

checking TCGA-67-3773-01A

checking TCGA-73-4677-01A

checking TCGA-91-6848-01A

checking TCGA-78-7540-01A

checking TCGA-55-7576-01A

checking TCGA-44-2661-01A

checking TCGA-55-8619-01A

checking TCGA-86-8674-01A

checking TCGA-78-7166-01A

checking TCGA-62-A46P-01A

checking TCGA-86-8054-01A

checking TCGA-55-A48Y-01A

checking TCGA-97-8176-01A

checking TCGA-50-6590-01A

checking TCGA-MN-A4N5-01A

checking TCGA-97-7552-01A

checking TCGA-69-7763-01A

checking TCGA-55-7911-01A

checking TCGA-75-6212-01A

checking TCGA-44-2655-01A

checking TCGA-69-7764-01A

checking TCGA-91-6835-01A

checking TCGA-50-5066-01A

checking TCGA-55-6982-01A

checking TCGA-MP-A4T4-01A

checking TCGA-50-5930-01A

checking TCGA-MP-A4TD-01A

checking TCGA-L9-A443-01A

checking TCGA-95-7567-01A

checking TCGA-44-3396-01A

checking TCGA-69-7974-01A

checking TCGA-55-A492-01A

checking TCGA-44-2656-01A

checking TCGA-05-4422-01A

checking TCGA-71-6725-01A

checking TCGA-J2-8192-01A

checking TCGA-78-7537-01A

checking TCGA-86-A4P8-01A

checking TCGA-55-8514-01A

checking TCGA-35-4123-01A

checking TCGA-44-3919-01A

checking TCGA-62-8394-01A

checking TCGA-78-7539-01A

checking TCGA-55-8204-01A

checking TCGA-05-4395-01A

checking TCGA-55-6970-01A

checking TCGA-73-7499-01A

checking TCGA-50-6595-01A

checking TCGA-44-6148-01A

checking TCGA-55-6968-01A

checking TCGA-50-6591-01A

checking TCGA-49-AARN-01A

checking TCGA-91-6849-01A

checking TCGA-55-5899-01A

checking TCGA-55-A491-01A

checking TCGA-49-AARR-01A

checking TCGA-49-6743-01A

checking TCGA-86-7711-01A

checking TCGA-MP-A4TA-01A

checking TCGA-50-8459-01A

checking TCGA-86-7701-01A

checking TCGA-44-7660-01A

checking TCGA-L9-A50W-01A

checking TCGA-95-7039-01A

checking TCGA-69-7765-01A

checking TCGA-69-7980-01A

checking TCGA-95-7944-01A

checking TCGA-55-8097-01A

checking TCGA-MP-A4TE-01A

checking TCGA-97-7941-01A

checking TCGA-62-A46R-01A

checking TCGA-67-6216-01A

checking TCGA-73-4659-01A

checking TCGA-95-A4VK-01A

checking TCGA-55-8507-01A

checking TCGA-97-A4M7-01A

checking TCGA-50-8457-01A

checking TCGA-49-4488-01A

checking TCGA-50-6592-01A

checking TCGA-49-4505-01A

checking TCGA-97-8177-01A

checking TCGA-55-6981-01A

checking TCGA-86-7955-01A

checking TCGA-38-4631-01A

checking TCGA-67-3771-01A

checking TCGA-49-6742-01A

checking TCGA-97-8179-01A

checking TCGA-50-5931-01A

checking TCGA-55-A48Z-01A

checking TCGA-78-8662-01A

checking TCGA-50-5944-01A

checking TCGA-49-6744-01A

checking TCGA-75-5125-01A

checking TCGA-97-7546-01A

checking TCGA-55-6987-01A

checking TCGA-55-6980-01A

checking TCGA-L4-A4E5-01A

checking TCGA-05-5423-01A

checking TCGA-55-A4DF-01A

checking TCGA-55-8096-01A

checking TCGA-75-6214-01A

checking TCGA-86-8055-01A

checking TCGA-05-5428-01A

checking TCGA-69-8253-01A

checking TCGA-49-AAR9-01A

checking TCGA-J2-A4AE-01A

checking TCGA-67-6215-01A

checking TCGA-69-7973-01A

checking TCGA-97-7938-01A

checking TCGA-55-7815-01A

checking TCGA-05-4432-01A

checking TCGA-55-6984-01A

checking TCGA-69-8254-01A

checking TCGA-78-7148-01A

checking TCGA-86-8668-01A

checking TCGA-93-7347-01A

checking TCGA-50-5941-01A

checking TCGA-62-A46V-01A

checking TCGA-50-5044-01A

checking TCGA-49-4510-01A

checking TCGA-64-1676-01A

checking TCGA-64-1678-01A

checking TCGA-MP-A4TK-01A

checking TCGA-44-2666-01A

checking TCGA-97-7937-01A

checking TCGA-J2-A4AG-01A

checking TCGA-55-8087-01A

checking TCGA-97-A4LX-01A

checking TCGA-78-7220-01A

checking TCGA-78-7167-01A

checking TCGA-55-A493-01A

checking TCGA-55-8616-01A

checking TCGA-44-5645-01A

checking TCGA-75-7030-01A

checking TCGA-62-A46S-01A

checking TCGA-86-A4JF-01A

checking TCGA-05-5715-01A

checking TCGA-62-A46O-01A

checking TCGA-86-8280-01A

checking TCGA-62-A472-01A

checking TCGA-55-6985-01A

checking TCGA-62-A470-01A

checking TCGA-78-7542-01A

checking TCGA-86-6562-01A

checking TCGA-55-6543-01A

checking TCGA-93-7348-01A

checking TCGA-78-7147-01A

checking TCGA-55-6712-01A

checking TCGA-35-3615-01A

checking TCGA-4B-A93V-01A

checking TCGA-91-A4BC-01A

checking TCGA-MP-A4TI-01A

checking TCGA-50-5936-01A

checking TCGA-44-2657-01A

checking TCGA-97-8175-01A

checking TCGA-44-A4SS-01A

checking TCGA-69-7978-01A

checking TCGA-05-4250-01A

checking TCGA-55-8505-01A

checking TCGA-44-2665-01A

checking TCGA-50-6593-01A

checking TCGA-78-7146-01A

checking TCGA-78-7149-01A

checking TCGA-73-A9RS-01A

checking TCGA-L9-A5IP-01A

checking TCGA-NJ-A4YI-01A

checking TCGA-55-A48X-01A

checking TCGA-86-8585-01A

checking TCGA-75-6211-01A

checking TCGA-05-4398-01A

checking TCGA-05-4244-01A

checking TCGA-97-A4M6-01A

checking TCGA-97-A4M2-01A

checking TCGA-97-7553-01A

checking TCGA-44-6777-01A

checking TCGA-95-A4VN-01A

checking TCGA-93-8067-01A

checking TCGA-93-A4JO-01A

checking TCGA-05-4418-01A

checking TCGA-67-6217-01A

checking TCGA-55-A4DG-01A

checking TCGA-O1-A52J-01A

checking TCGA-55-8506-01A

checking TCGA-55-8091-01A

checking TCGA-44-6775-01A

checking TCGA-05-4420-01A

checking TCGA-78-7535-01A

checking TCGA-86-A456-01A

checking TCGA-75-5126-01A

checking TCGA-05-4389-01A

checking TCGA-64-5815-01A

checking TCGA-55-8206-01A

checking TCGA-55-A494-01A

checking TCGA-73-4675-01A

checking TCGA-55-8301-01A

checking TCGA-86-8278-01A

checking TCGA-78-7152-01A

checking TCGA-55-8508-01A

checking TCGA-55-7995-01A

checking TCGA-05-4390-01A

checking TCGA-44-7659-01A

checking TCGA-50-5946-01A

checking TCGA-75-5147-01A

checking TCGA-78-7154-01A

checking TCGA-86-8672-01A

checking TCGA-86-7713-01A

checking TCGA-05-4403-01A

checking TCGA-38-4627-01A

checking TCGA-38-A44F-01A

checking TCGA-93-A4JP-01A

checking TCGA-S2-AA1A-01A

checking TCGA-55-8299-01A

checking TCGA-05-4426-01A

checking TCGA-44-7672-01A

checking TCGA-97-8171-01A

checking TCGA-NJ-A4YP-01A

checking TCGA-64-5781-01A

checking TCGA-86-8673-01A

checking TCGA-75-6206-01A

checking TCGA-55-7907-01A

checking TCGA-55-6972-01A

checking TCGA-55-7283-01A

checking TCGA-97-A4M1-01A

checking TCGA-78-7160-01A

checking TCGA-49-4494-01A

checking TCGA-44-A47G-01A

checking TCGA-55-7570-01A

checking TCGA-78-7155-01A

checking TCGA-44-3398-01A

checking TCGA-64-5774-01A
