
checking TCGA-86-8074-01A

checking TCGA-62-8402-01A

checking TCGA-86-8358-01A

checking TCGA-86-8056-01A

checking TCGA-78-7158-01A

checking TCGA-49-4507-01A

checking TCGA-49-AARO-01A

checking TCGA-91-8499-01A

checking TCGA-55-6983-01A

checking TCGA-62-A46Y-01A

checking TCGA-53-7624-01A

checking TCGA-L9-A7SV-01A

checking TCGA-62-8395-01A

checking TCGA-73-4662-01A

checking TCGA-97-7547-01A

checking TCGA-35-5375-01A

checking TCGA-78-8660-01A

checking TCGA-49-4486-01A

checking TCGA-91-8497-01A

checking TCGA-44-6778-01A

checking TCGA-05-4249-01A

checking TCGA-86-8281-01A

checking TCGA-91-8496-01A

checking TCGA-55-7281-01A

checking TCGA-44-4112-01A

checking TCGA-49-6767-01A

checking TCGA-95-8494-01A

checking TCGA-MP-A4T9-01A

checking TCGA-67-3772-01A

checking TCGA-55-8208-01A

checking TCGA-50-5942-01A

checking TCGA-53-A4EZ-01A

checking TCGA-69-7761-01A

checking TCGA-78-7156-01A

checking TCGA-44-A47A-01A

checking TCGA-MP-A4TJ-01A

checking TCGA-78-7161-01A

checking TCGA-38-4632-01A

checking TCGA-55-6971-01A

checking TCGA-L9-A8F4-01A

checking TCGA-99-8033-01A

checking TCGA-44-A47B-01A

checking TCGA-99-7458-01A

checking TCGA-97-8552-01A

checking TCGA-49-4512-01A

checking TCGA-05-4417-01A

checking TCGA-78-8655-01A

checking TCGA-55-A490-01A

checking TCGA-75-6203-01A

checking TCGA-55-7727-01A

checking TCGA-49-4506-01A

checking TCGA-44-2668-01A

checking TCGA-50-5055-01A

checking TCGA-53-7626-01A

checking TCGA-55-6969-01A

checking TCGA-MN-A4N4-01A

checking TCGA-91-6831-01A

checking TCGA-55-7728-01A

checking TCGA-55-7726-01A

checking TCGA-50-5932-01A

checking TCGA-55-1596-01A

checking TCGA-44-6147-01A

checking TCGA-50-6597-01A

checking TCGA-44-7661-01A

checking TCGA-05-4384-01A

checking TCGA-44-2659-01A

checking TCGA-55-8511-01A

checking TCGA-44-6776-01A

checking TCGA-80-5607-01A

checking TCGA-50-5072-01A

checking TCGA-05-4396-01A

checking TCGA-95-7948-01A

checking TCGA-95-7562-01A

checking TCGA-55-8090-01A

checking TCGA-73-7498-01A

checking TCGA-55-7725-01A

checking TCGA-05-5420-01A

checking TCGA-38-4629-01A

checking TCGA-67-3770-01A

checking TCGA-73-4676-01A

checking TCGA-55-1595-01A

checking TCGA-55-1592-01A

checking TCGA-05-4410-01A

checking TCGA-95-7043-01A

checking TCGA-55-6979-01A

checking TCGA-05-4382-01A

checking TCGA-78-7633-01A

checking TCGA-05-4434-01A

checking TCGA-50-5935-01A

checking TCGA-49-4501-01A

checking TCGA-55-8207-01A

checking TCGA-55-8203-01A

checking TCGA-55-8621-01A

checking TCGA-86-6851-01A

checking TCGA-NJ-A7XG-01A

checking TCGA-55-6986-01A

checking TCGA-J2-A4AD-01A

checking TCGA-55-8615-01A

checking TCGA-86-7954-01A

checking TCGA-91-A4BD-01A

checking TCGA-73-4670-01A

checking TCGA-38-4625-01A

checking TCGA-78-7162-01A

checking TCGA-55-8089-01A

checking TCGA-91-6829-01A

checking TCGA-64-5779-01A

checking TCGA-78-8640-01A

checking TCGA-64-1680-01A

checking TCGA-MP-A4SW-01A
neither bed or bam file exists; downloading bam file...
/mnt/scratch/gdc-client download --dir /mnt/data/tcga --token-file /mnt/gitCode/gdc-user-token.2026-05-28T20_33_35.481Z.txt fea8014a-be97-4a25-b588-d5e39e007c30
running intron-prospector...
