/mnt/data/tcga/567c5d5f-2b27-4070-86c3-3905d06ed02b/f6f15b7f-1af0-4da5-8ca5-a4b488d8f412.rna_seq.genomic.gdc_realn.bam for TCGA-86-8074-01A exists and not modified in the last hour

/mnt/data/tcga/cae0680e-f7bf-4742-aeca-8fac6d4f4934/2a48ffd2-9212-48f4-a836-7572eb2feffe.rna_seq.genomic.gdc_realn.bam for TCGA-62-8402-01A exists and not modified in the last hour
bed file /mnt/data/intron_prospector_runs/common//TCGA-62-8402-01A.bed for TCGA-62-8402-01A does not exist

/mnt/data/tcga/e5976aee-2a56-457c-80e5-00824254f6f8/461cd8f2-fe53-448d-b6a9-0a95792464c7.rna_seq.genomic.gdc_realn.bam for TCGA-86-8358-01A exists and not modified in the last hour
bed file /mnt/data/intron_prospector_runs/common//TCGA-86-8358-01A.bed for TCGA-86-8358-01A does not exist

/mnt/data/tcga/6dee9448-b65a-498e-9490-7c282fb3b07d/593623b6-0f7d-4089-8697-518c573c86c6.rna_seq.genomic.gdc_realn.bam for TCGA-86-8056-01A exists and not modified in the last hour
bed file /mnt/data/intron_prospector_runs/common//TCGA-86-8056-01A.bed for TCGA-86-8056-01A does not exist

/mnt/data/tcga/4d6609e2-6ad0-43a1-9bda-fbc4710e1da0/ebf8d429-0437-4987-9bca-89e62910f168.rna_seq.genomic.gdc_realn.bam for TCGA-78-7158-01A exists and not modified in the last hour
bed file /mnt/data/intron_prospector_runs/common//TCGA-78-7158-01A.bed for TCGA-78-7158-01A does not exist

/mnt/data/tcga/a6f82885-da83-49d5-ad43-966b9dff4ea5/c6acc762-3909-4cc0-91c7-f66bc3f0e667.rna_seq.genomic.gdc_realn.bam for TCGA-49-4507-01A exists and not modified in the last hour
bed file /mnt/data/intron_prospector_runs/common//TCGA-49-4507-01A.bed for TCGA-49-4507-01A does not exist

/mnt/data/tcga/1f8160a9-4e65-4d8f-a83d-39b6e03b38f3/f6108b9b-e02f-4608-bec3-bcc0112d05b4.rna_seq.genomic.gdc_realn.bam for TCGA-49-AARO-01A exists and not modified in the last hour
bed file /mnt/data/intron_prospector_runs/common//TCGA-49-AARO-01A.bed for TCGA-49-AARO-01A does not exist

/mnt/data/tcga/073e7f71-5583-48fc-a037-4f799ec2d811/6200626d-556e-400d-81f4-e397ce49585f.rna_seq.genomic.gdc_realn.bam for TCGA-91-8499-01A exists and not modified in the last hour
bed file /mnt/data/intron_prospector_runs/common//TCGA-91-8499-01A.bed for TCGA-91-8499-01A does not exist

/mnt/data/tcga/af2f19ca-dc08-43b6-ae40-811cb952887a/b573a788-d117-48b0-9cab-c4ecbde82706.rna_seq.genomic.gdc_realn.bam for TCGA-55-6983-01A exists and not modified in the last hour
bed file /mnt/data/intron_prospector_runs/common//TCGA-55-6983-01A.bed for TCGA-55-6983-01A does not exist

/mnt/data/tcga/0fd61331-8363-402b-8d87-88bb39f467d0/534541e5-89a2-46bc-98d3-1fed57d6e4c1.rna_seq.genomic.gdc_realn.bam for TCGA-62-A46Y-01A exists and not modified in the last hour
bed file /mnt/data/intron_prospector_runs/common//TCGA-62-A46Y-01A.bed for TCGA-62-A46Y-01A does not exist

/mnt/data/tcga/888e7914-72dc-46ab-b34f-84e30cf4ede8/ec99ae0d-704e-481d-bc90-7b553075a845.rna_seq.genomic.gdc_realn.bam for TCGA-53-7624-01A exists and not modified in the last hour
bed file /mnt/data/intron_prospector_runs/common//TCGA-53-7624-01A.bed for TCGA-53-7624-01A does not exist

/mnt/data/tcga/0bd949c3-479b-4fec-a3e3-83a0e0f437a0/6804af50-1b4f-4872-83b8-bae24d398cb4.rna_seq.genomic.gdc_realn.bam for TCGA-L9-A7SV-01A exists and not modified in the last hour
bed file /mnt/data/intron_prospector_runs/common//TCGA-L9-A7SV-01A.bed for TCGA-L9-A7SV-01A does not exist

/mnt/data/tcga/7bd81e9a-6853-4c8e-ba87-849957a8f015/fec056a5-e860-4b68-8fa0-39cb7ad78a62.rna_seq.genomic.gdc_realn.bam for TCGA-62-8395-01A exists and not modified in the last hour
bed file /mnt/data/intron_prospector_runs/common//TCGA-62-8395-01A.bed for TCGA-62-8395-01A does not exist

/mnt/data/tcga/1c0c1b78-5622-4da2-a6ce-d00c37c51915/68f5d95d-e7ae-46d3-b836-e741fde98f23.rna_seq.genomic.gdc_realn.bam for TCGA-73-4662-01A exists and not modified in the last hour
bed file /mnt/data/intron_prospector_runs/common//TCGA-73-4662-01A.bed for TCGA-73-4662-01A does not exist

/mnt/data/tcga/93c69bd1-3426-4475-a59a-b5f6c25222b1/20cddb4c-1ad4-4f0e-bd5e-3071f573b2d0.rna_seq.genomic.gdc_realn.bam for TCGA-97-7547-01A exists and not modified in the last hour
bed file /mnt/data/intron_prospector_runs/common//TCGA-97-7547-01A.bed for TCGA-97-7547-01A does not exist

/mnt/data/tcga/a5b878f4-5fe7-4f53-a61f-d653d435b24c/a6a6b9c6-9db7-42b3-a09f-770b7e126fbb.rna_seq.genomic.gdc_realn.bam for TCGA-35-5375-01A exists and not modified in the last hour
bed file /mnt/data/intron_prospector_runs/common//TCGA-35-5375-01A.bed for TCGA-35-5375-01A does not exist

/mnt/data/tcga/4ee7ff21-a0ae-4885-92d2-a088d6f87cf0/2f8abb88-ae9f-4315-bcad-4263862bd11b.rna_seq.genomic.gdc_realn.bam for TCGA-78-8660-01A exists and not modified in the last hour
bed file /mnt/data/intron_prospector_runs/common//TCGA-78-8660-01A.bed for TCGA-78-8660-01A does not exist

/mnt/data/tcga/b3d9124b-689b-475d-aa48-0c8428f51c77/39af4940-aeba-4d26-96fc-68da8663bc81.rna_seq.genomic.gdc_realn.bam for TCGA-49-4486-01A exists and not modified in the last hour
bed file /mnt/data/intron_prospector_runs/common//TCGA-49-4486-01A.bed for TCGA-49-4486-01A does not exist

/mnt/data/tcga/a0318562-280f-4b8a-8ef9-39857547f3e4/ff36264d-8485-46e6-8259-0b55f651ed8f.rna_seq.genomic.gdc_realn.bam for TCGA-91-8497-01A exists and not modified in the last hour
bed file /mnt/data/intron_prospector_runs/common//TCGA-91-8497-01A.bed for TCGA-91-8497-01A does not exist

/mnt/data/tcga/0bc34939-5be8-4e8c-87ae-3af7933af31a/facd5609-e5f0-4993-bd84-049447d60d32.rna_seq.genomic.gdc_realn.bam for TCGA-44-6778-01A exists and not modified in the last hour
bed file /mnt/data/intron_prospector_runs/common//TCGA-44-6778-01A.bed for TCGA-44-6778-01A does not exist

/mnt/data/tcga/72bb7f41-e2fe-4dd0-bf97-d3b652911e52/258b0b5e-2b09-4378-9606-83955ca19d7c.rna_seq.genomic.gdc_realn.bam for TCGA-05-4249-01A exists and not modified in the last hour
bed file /mnt/data/intron_prospector_runs/common//TCGA-05-4249-01A.bed for TCGA-05-4249-01A does not exist

/mnt/data/tcga/4ea72757-c15b-4c9d-9279-35fe484ad03d/3e5fa22c-f02a-4da4-881c-6aa2869058c1.rna_seq.genomic.gdc_realn.bam for TCGA-86-8281-01A exists and not modified in the last hour
bed file /mnt/data/intron_prospector_runs/common//TCGA-86-8281-01A.bed for TCGA-86-8281-01A does not exist

/mnt/data/tcga/18f16ad8-57a8-42be-bf7d-335a8b5e5026/2f966635-6a77-4205-9bab-df5940a973aa.rna_seq.genomic.gdc_realn.bam for TCGA-91-8496-01A exists and not modified in the last hour
bed file /mnt/data/intron_prospector_runs/common//TCGA-91-8496-01A.bed for TCGA-91-8496-01A does not exist

/mnt/data/tcga/bd243552-7513-412b-b236-545b402b200c/acbeca74-24ec-4e54-98e6-d3f59475dde9.rna_seq.genomic.gdc_realn.bam for TCGA-55-7281-01A exists and not modified in the last hour
bed file /mnt/data/intron_prospector_runs/common//TCGA-55-7281-01A.bed for TCGA-55-7281-01A does not exist

/mnt/data/tcga/06a7cb83-03c8-4ac4-b7c1-a037951c289c/f3bf4152-5e1d-42d2-920e-9dfbe2e0dbc5.rna_seq.genomic.gdc_realn.bam for TCGA-44-4112-01A exists and not modified in the last hour
bed file /mnt/data/intron_prospector_runs/common//TCGA-44-4112-01A.bed for TCGA-44-4112-01A does not exist

/mnt/data/tcga/e42d956e-d8fc-489f-adc7-de9dd6e069c3/d0f1d923-1014-4a12-824b-9939fd75f9b1.rna_seq.genomic.gdc_realn.bam for TCGA-49-6767-01A exists and not modified in the last hour
bed file /mnt/data/intron_prospector_runs/common//TCGA-49-6767-01A.bed for TCGA-49-6767-01A does not exist

/mnt/data/tcga/d1969524-4d30-4a50-ba38-3ce50303b6e3/b70dcd97-e1e4-417c-a05f-b37acdde6684.rna_seq.genomic.gdc_realn.bam for TCGA-95-8494-01A exists and not modified in the last hour
bed file /mnt/data/intron_prospector_runs/common//TCGA-95-8494-01A.bed for TCGA-95-8494-01A does not exist

/mnt/data/tcga/995183b8-de28-4e1b-a06e-d5e0e448d851/3c6fdcc9-916b-4ec2-be58-1dd15e7d94a2.rna_seq.genomic.gdc_realn.bam for TCGA-MP-A4T9-01A exists and not modified in the last hour
bed file /mnt/data/intron_prospector_runs/common//TCGA-MP-A4T9-01A.bed for TCGA-MP-A4T9-01A does not exist

/mnt/data/tcga/674b9bdd-c5e2-4539-802c-734f69b58097/49ab8f1a-6252-47b0-9f16-63e065f33efd.rna_seq.genomic.gdc_realn.bam for TCGA-67-3772-01A exists and not modified in the last hour
bed file /mnt/data/intron_prospector_runs/common//TCGA-67-3772-01A.bed for TCGA-67-3772-01A does not exist

/mnt/data/tcga/58602df8-a37a-4fe4-9c80-7b79ac0c3e18/c45c7b03-a317-4dac-ba0f-19989348cae3.rna_seq.genomic.gdc_realn.bam for TCGA-55-8208-01A exists and not modified in the last hour
bed file /mnt/data/intron_prospector_runs/common//TCGA-55-8208-01A.bed for TCGA-55-8208-01A does not exist

/mnt/data/tcga/83e3257c-bc18-488a-8a49-867c9c939cec/ab0a7727-00ee-40fa-b5f5-a69234473e4a.rna_seq.genomic.gdc_realn.bam for TCGA-50-5942-01A exists and not modified in the last hour
bed file /mnt/data/intron_prospector_runs/common//TCGA-50-5942-01A.bed for TCGA-50-5942-01A does not exist

/mnt/data/tcga/b2926c07-53fd-43ca-a2e3-70c4d6f62bb0/ecef82f6-3009-4345-a56d-d028535d78fd.rna_seq.genomic.gdc_realn.bam for TCGA-53-A4EZ-01A exists and not modified in the last hour
bed file /mnt/data/intron_prospector_runs/common//TCGA-53-A4EZ-01A.bed for TCGA-53-A4EZ-01A does not exist

/mnt/data/tcga/14214c45-8108-41cd-b07d-e020e8436f7b/eaaacefc-a798-4b6e-8471-0fde96a80bb9.rna_seq.genomic.gdc_realn.bam for TCGA-69-7761-01A exists and not modified in the last hour
bed file /mnt/data/intron_prospector_runs/common//TCGA-69-7761-01A.bed for TCGA-69-7761-01A does not exist

/mnt/data/tcga/54839351-9668-45b4-baf5-6497550f35a1/059b5dc1-45f7-4d7c-b07a-878b6db6d881.rna_seq.genomic.gdc_realn.bam for TCGA-78-7156-01A exists and not modified in the last hour
bed file /mnt/data/intron_prospector_runs/common//TCGA-78-7156-01A.bed for TCGA-78-7156-01A does not exist

/mnt/data/tcga/dcde3fba-f8c6-4c0b-8540-5abd036db6c8/4f8b284e-7e42-45c5-b7cc-57cc678ec3df.rna_seq.genomic.gdc_realn.bam for TCGA-44-A47A-01A exists and not modified in the last hour
bed file /mnt/data/intron_prospector_runs/common//TCGA-44-A47A-01A.bed for TCGA-44-A47A-01A does not exist

/mnt/data/tcga/65e3ebf4-fd52-4b03-8c00-6b4ff514f135/156a175b-b419-4089-8541-7318e3dee78a.rna_seq.genomic.gdc_realn.bam for TCGA-MP-A4TJ-01A exists and not modified in the last hour
bed file /mnt/data/intron_prospector_runs/common//TCGA-MP-A4TJ-01A.bed for TCGA-MP-A4TJ-01A does not exist

/mnt/data/tcga/41c72749-b512-4930-9ad1-9fd59c8f90c5/35fc369e-6f16-415b-badb-380eedb2157b.rna_seq.genomic.gdc_realn.bam for TCGA-78-7161-01A exists and not modified in the last hour
bed file /mnt/data/intron_prospector_runs/common//TCGA-78-7161-01A.bed for TCGA-78-7161-01A does not exist

/mnt/data/tcga/55acf78f-4a64-44c0-a276-510c279cf861/6f53a60f-3be2-48df-a15a-4675e99efba1.rna_seq.genomic.gdc_realn.bam for TCGA-38-4632-01A exists and not modified in the last hour
bed file /mnt/data/intron_prospector_runs/common//TCGA-38-4632-01A.bed for TCGA-38-4632-01A does not exist

/mnt/data/tcga/02ad5c84-dbd7-4b21-bcae-2a0ad84edf66/89bcf4e2-f855-4035-bf0d-fe4917248223.rna_seq.genomic.gdc_realn.bam for TCGA-55-6971-01A exists and not modified in the last hour
bed file /mnt/data/intron_prospector_runs/common//TCGA-55-6971-01A.bed for TCGA-55-6971-01A does not exist

/mnt/data/tcga/73898db7-1015-4a90-a6b8-3fb68d9a9287/e1b67311-dee7-4296-ac38-1ad47a80c257.rna_seq.genomic.gdc_realn.bam for TCGA-L9-A8F4-01A exists and not modified in the last hour
bed file /mnt/data/intron_prospector_runs/common//TCGA-L9-A8F4-01A.bed for TCGA-L9-A8F4-01A does not exist

/mnt/data/tcga/dad25a07-fb2a-42d0-95b6-b072afbdaa7c/e0dabde8-1dd8-4aa6-9f23-51dc22fc2cae.rna_seq.genomic.gdc_realn.bam for TCGA-99-8033-01A exists and not modified in the last hour

/mnt/data/tcga/7b270022-0fac-48e2-a638-d5c688759508/fe770b01-42c9-48c6-97f8-09f18a374350.rna_seq.genomic.gdc_realn.bam for TCGA-44-A47B-01A exists and not modified in the last hour
bed file /mnt/data/intron_prospector_runs/common//TCGA-44-A47B-01A.bed for TCGA-44-A47B-01A does not exist

/mnt/data/tcga/1d32c49b-04ce-4e59-b66e-db5d3b21f8b2/129a4f1c-81ee-4ebb-8c97-0a60fcc114d6.rna_seq.genomic.gdc_realn.bam for TCGA-99-7458-01A exists and not modified in the last hour
bed file /mnt/data/intron_prospector_runs/common//TCGA-99-7458-01A.bed for TCGA-99-7458-01A does not exist

/mnt/data/tcga/2389e098-4fc6-4368-953d-2dda462fa41d/c8bfb715-4c7a-4e3e-baa2-bc842d80654b.rna_seq.genomic.gdc_realn.bam for TCGA-97-8552-01A exists and not modified in the last hour
bed file /mnt/data/intron_prospector_runs/common//TCGA-97-8552-01A.bed for TCGA-97-8552-01A does not exist

/mnt/data/tcga/5cc58fb9-dd2f-4b91-88b5-f659d6793eb8/085fd4df-27f7-4680-a0b5-8726f9eab370.rna_seq.genomic.gdc_realn.bam for TCGA-49-4512-01A exists and not modified in the last hour
bed file /mnt/data/intron_prospector_runs/common//TCGA-49-4512-01A.bed for TCGA-49-4512-01A does not exist

/mnt/data/tcga/63aad27b-4497-4c1d-818d-849ba8d83c0e/f30ea4c5-0110-403e-b171-2ea1e35c1ea0.rna_seq.genomic.gdc_realn.bam for TCGA-05-4417-01A exists and not modified in the last hour
bed file /mnt/data/intron_prospector_runs/common//TCGA-05-4417-01A.bed for TCGA-05-4417-01A does not exist

/mnt/data/tcga/6f343aec-65e1-44ad-b4db-339d4ed62373/bc8b6dee-0f79-492f-85e1-c1a09d6f9680.rna_seq.genomic.gdc_realn.bam for TCGA-78-8655-01A exists and not modified in the last hour

/mnt/data/tcga/62a350a6-9cb3-474b-8eb2-6eec9f6e2904/aa764c7d-2e26-4e8c-94d3-870772bad93f.rna_seq.genomic.gdc_realn.bam for TCGA-55-A490-01A exists and not modified in the last hour

/mnt/data/tcga/3604ecfe-9649-43c8-a36c-a29b32f7b7d7/5541c1a3-e0e5-4ded-ae0a-687e87a7d708.rna_seq.genomic.gdc_realn.bam for TCGA-75-6203-01A exists and not modified in the last hour
bed file /mnt/data/intron_prospector_runs/common//TCGA-75-6203-01A.bed for TCGA-75-6203-01A does not exist

/mnt/data/tcga/86c05b02-68d0-473d-8aea-ab501cb40d29/59e8b7b7-5183-4655-aa5e-e4b5ba73eded.rna_seq.genomic.gdc_realn.bam for TCGA-55-7727-01A exists and not modified in the last hour

/mnt/data/tcga/7ff58d7a-dc47-44fc-9559-2afd969de542/7ec16b5a-7a86-4a22-9f1c-74d42ab1f43d.rna_seq.genomic.gdc_realn.bam for TCGA-49-4506-01A exists and not modified in the last hour
bed file /mnt/data/intron_prospector_runs/common//TCGA-49-4506-01A.bed for TCGA-49-4506-01A does not exist

/mnt/data/tcga/b002c35d-78d6-4330-b793-98aec1591e21/9a54be5e-6201-4beb-9689-289b9849756e.rna_seq.genomic.gdc_realn.bam for TCGA-44-2668-01A exists and not modified in the last hour
bed file /mnt/data/intron_prospector_runs/common//TCGA-44-2668-01A.bed for TCGA-44-2668-01A does not exist

/mnt/data/tcga/c7e11339-6f22-4e72-a7ab-6d0acd68a0ab/2301103f-5cbe-4cb6-b5da-0b83b39e4616.rna_seq.genomic.gdc_realn.bam for TCGA-50-5055-01A exists and not modified in the last hour
bed file /mnt/data/intron_prospector_runs/common//TCGA-50-5055-01A.bed for TCGA-50-5055-01A does not exist

/mnt/data/tcga/a22b6af7-1f80-4937-8513-77835b9af610/9b4a912b-c42b-4a3a-8723-58b4dcb85949.rna_seq.genomic.gdc_realn.bam for TCGA-53-7626-01A exists and not modified in the last hour
bed file /mnt/data/intron_prospector_runs/common//TCGA-53-7626-01A.bed for TCGA-53-7626-01A does not exist

/mnt/data/tcga/3424991a-dbbf-4a86-839a-c714f1b51371/6e2e3178-73ad-4590-a56b-bb7fd9984acd.rna_seq.genomic.gdc_realn.bam for TCGA-55-6969-01A exists and not modified in the last hour
bed file /mnt/data/intron_prospector_runs/common//TCGA-55-6969-01A.bed for TCGA-55-6969-01A does not exist

/mnt/data/tcga/ea4712c3-719a-49d1-9985-1a0f955beec4/731c955b-e1e8-462a-9c94-64310f2d7eae.rna_seq.genomic.gdc_realn.bam for TCGA-MN-A4N4-01A exists and not modified in the last hour
bed file /mnt/data/intron_prospector_runs/common//TCGA-MN-A4N4-01A.bed for TCGA-MN-A4N4-01A does not exist

/mnt/data/tcga/8b3d6cd4-1aef-41ea-939a-af3a2dc8d955/56d7d6b5-33c0-4551-967c-afce1f970395.rna_seq.genomic.gdc_realn.bam for TCGA-91-6831-01A exists and not modified in the last hour
bed file /mnt/data/intron_prospector_runs/common//TCGA-91-6831-01A.bed for TCGA-91-6831-01A does not exist

/mnt/data/tcga/36ef2609-d721-4db5-a9d5-8928c7a67ac6/597af330-73d5-4905-803e-56d744ab723d.rna_seq.genomic.gdc_realn.bam for TCGA-55-7728-01A exists and not modified in the last hour
bed file /mnt/data/intron_prospector_runs/common//TCGA-55-7728-01A.bed for TCGA-55-7728-01A does not exist

/mnt/data/tcga/6390912d-9333-4be5-bbf8-bb875ce1f539/74ab82a4-a55b-4e4c-b3f5-1f9317860914.rna_seq.genomic.gdc_realn.bam for TCGA-55-7726-01A exists and not modified in the last hour
bed file /mnt/data/intron_prospector_runs/common//TCGA-55-7726-01A.bed for TCGA-55-7726-01A does not exist

/mnt/data/tcga/98754b25-9c39-4830-b260-2d92b28f2e7a/fe3a5a49-7744-4336-a4b6-0e88f23e21d8.rna_seq.genomic.gdc_realn.bam for TCGA-50-5932-01A exists and not modified in the last hour

/mnt/data/tcga/80188ed0-954f-44d9-a212-fe88b8927b62/921aa14f-d674-4ecf-b4fd-ca846acc9fa3.rna_seq.genomic.gdc_realn.bam for TCGA-55-1596-01A exists and not modified in the last hour
bed file /mnt/data/intron_prospector_runs/common//TCGA-55-1596-01A.bed for TCGA-55-1596-01A does not exist

/mnt/data/tcga/8863b8af-1ec2-4b06-ad68-b918a4c477c5/9a5e0fa6-a785-4d8e-bca5-43e02a3965bf.rna_seq.genomic.gdc_realn.bam for TCGA-44-6147-01A exists and not modified in the last hour
bed file /mnt/data/intron_prospector_runs/common//TCGA-44-6147-01A.bed for TCGA-44-6147-01A does not exist

/mnt/data/tcga/e07910d4-2c76-45e4-9792-d129cffb8ae4/555b77b9-d686-4f0e-a099-25bd5715a5e9.rna_seq.genomic.gdc_realn.bam for TCGA-50-6597-01A exists and not modified in the last hour
bed file /mnt/data/intron_prospector_runs/common//TCGA-50-6597-01A.bed for TCGA-50-6597-01A does not exist

/mnt/data/tcga/09fae186-f274-486a-bb36-48c6dc310f90/f602ef77-0db5-47af-b259-e551c77a4281.rna_seq.genomic.gdc_realn.bam for TCGA-44-7661-01A exists and not modified in the last hour
bed file /mnt/data/intron_prospector_runs/common//TCGA-44-7661-01A.bed for TCGA-44-7661-01A does not exist

/mnt/data/tcga/2048318d-3a7c-45a7-a7a7-680076d76b6f/819e9776-131f-4c00-b93c-9936cbcc55b8.rna_seq.genomic.gdc_realn.bam for TCGA-05-4384-01A exists and not modified in the last hour
bed file /mnt/data/intron_prospector_runs/common//TCGA-05-4384-01A.bed for TCGA-05-4384-01A does not exist

/mnt/data/tcga/704d42ab-3e11-4c3b-a74c-b1e6a30e27c5/325c7d6b-292d-46e5-85d1-785ae8a48c33.rna_seq.genomic.gdc_realn.bam for TCGA-44-2659-01A exists and not modified in the last hour
bed file /mnt/data/intron_prospector_runs/common//TCGA-44-2659-01A.bed for TCGA-44-2659-01A does not exist

/mnt/data/tcga/20769457-c733-425b-b8bd-45c044f4ebe6/27e24fc6-af40-4152-8424-a9d365c717d9.rna_seq.genomic.gdc_realn.bam for TCGA-55-8511-01A exists and not modified in the last hour
bed file /mnt/data/intron_prospector_runs/common//TCGA-55-8511-01A.bed for TCGA-55-8511-01A does not exist

/mnt/data/tcga/47d9b806-84c4-4b60-8b5a-10453f11c4fc/7623e22f-3401-47b3-be94-23f5da20ee0d.rna_seq.genomic.gdc_realn.bam for TCGA-44-6776-01A exists and not modified in the last hour
bed file /mnt/data/intron_prospector_runs/common//TCGA-44-6776-01A.bed for TCGA-44-6776-01A does not exist

/mnt/data/tcga/f581a769-6ef2-4d00-985c-3f0d140132aa/2f00871b-1c4a-4fe9-94f6-42493fd95841.rna_seq.genomic.gdc_realn.bam for TCGA-80-5607-01A exists and not modified in the last hour
bed file /mnt/data/intron_prospector_runs/common//TCGA-80-5607-01A.bed for TCGA-80-5607-01A does not exist

/mnt/data/tcga/fe6ef453-e5bb-4929-838e-bb0cd2670211/55e5447a-96d1-4d95-91ad-b5790392bbfa.rna_seq.genomic.gdc_realn.bam for TCGA-50-5072-01A exists and not modified in the last hour
bed file /mnt/data/intron_prospector_runs/common//TCGA-50-5072-01A.bed for TCGA-50-5072-01A does not exist

/mnt/data/tcga/d1945e55-eaa9-41f3-8017-380ccd112dfc/59a0b90e-8b8b-41b8-95f0-d51961a94be5.rna_seq.genomic.gdc_realn.bam for TCGA-05-4396-01A exists and not modified in the last hour
bed file /mnt/data/intron_prospector_runs/common//TCGA-05-4396-01A.bed for TCGA-05-4396-01A does not exist

/mnt/data/tcga/3498e816-9bf1-41ab-a662-206a78a32e2b/5eef868d-7c7f-42e8-aabf-ce3f75405c7a.rna_seq.genomic.gdc_realn.bam for TCGA-95-7948-01A exists and not modified in the last hour

/mnt/data/tcga/2ae21172-d280-47c0-99c4-e859d3094ddb/020a2284-03f3-4439-89bb-2292ebc3ecd2.rna_seq.genomic.gdc_realn.bam for TCGA-95-7562-01A exists and not modified in the last hour
bed file /mnt/data/intron_prospector_runs/common//TCGA-95-7562-01A.bed for TCGA-95-7562-01A does not exist

/mnt/data/tcga/217e75fb-00de-4fe4-9ecb-88cf17da83a6/25212f64-8017-4b93-b171-10a830558566.rna_seq.genomic.gdc_realn.bam for TCGA-55-8090-01A exists and not modified in the last hour
bed file /mnt/data/intron_prospector_runs/common//TCGA-55-8090-01A.bed for TCGA-55-8090-01A does not exist

/mnt/data/tcga/0e1446f0-8bd5-4839-8f89-e332a0d1a02f/d1b10396-1656-4963-8fd0-7d7368c24dd2.rna_seq.genomic.gdc_realn.bam for TCGA-73-7498-01A exists and not modified in the last hour
bed file /mnt/data/intron_prospector_runs/common//TCGA-73-7498-01A.bed for TCGA-73-7498-01A does not exist

/mnt/data/tcga/44a3eb8c-135f-44f4-82bd-86fb6104a4e8/f3d482bb-14e8-4569-bee4-22d7d2a027ea.rna_seq.genomic.gdc_realn.bam for TCGA-55-7725-01A exists and not modified in the last hour
bed file /mnt/data/intron_prospector_runs/common//TCGA-55-7725-01A.bed for TCGA-55-7725-01A does not exist

/mnt/data/tcga/216b822e-0d33-476f-ba03-18ff818f8a78/5fd9d2a8-3a95-440c-a0de-8ad5fd86e156.rna_seq.genomic.gdc_realn.bam for TCGA-05-5420-01A exists and not modified in the last hour
bed file /mnt/data/intron_prospector_runs/common//TCGA-05-5420-01A.bed for TCGA-05-5420-01A does not exist

/mnt/data/tcga/45600709-c917-42ef-bc2f-229e6f3c71af/9ebc079c-069f-4468-8b9e-680e39a3c4ad.rna_seq.genomic.gdc_realn.bam for TCGA-38-4629-01A exists and not modified in the last hour
bed file /mnt/data/intron_prospector_runs/common//TCGA-38-4629-01A.bed for TCGA-38-4629-01A does not exist

/mnt/data/tcga/f6284fb5-ab14-41a5-8d4f-63bde0394bfc/1da64d9f-f5dd-4017-bf82-d1a61512b56b.rna_seq.genomic.gdc_realn.bam for TCGA-67-3770-01A exists and not modified in the last hour
bed file /mnt/data/intron_prospector_runs/common//TCGA-67-3770-01A.bed for TCGA-67-3770-01A does not exist

/mnt/data/tcga/bc6ebfd0-e972-46e1-9627-6b16a420a5ee/32e5ef2b-4387-4d2c-8e62-d18b5106414f.rna_seq.genomic.gdc_realn.bam for TCGA-73-4676-01A exists and not modified in the last hour
bed file /mnt/data/intron_prospector_runs/common//TCGA-73-4676-01A.bed for TCGA-73-4676-01A does not exist

/mnt/data/tcga/63da5a36-0ec0-4d89-be9d-7319f0eae8ed/f8cc4515-2576-4a72-9cf1-28dfe774eda9.rna_seq.genomic.gdc_realn.bam for TCGA-55-1595-01A exists and not modified in the last hour

/mnt/data/tcga/30b73dff-6c83-45f4-935b-0f844ff9fdd7/6f6bf240-1ca4-47d0-9a77-17b0ce9b8ae7.rna_seq.genomic.gdc_realn.bam for TCGA-55-1592-01A exists and not modified in the last hour
bed file /mnt/data/intron_prospector_runs/common//TCGA-55-1592-01A.bed for TCGA-55-1592-01A does not exist

/mnt/data/tcga/243e1ddf-9b74-42c0-b357-13b302b039f9/d3c861af-cfe9-4d9f-bc76-a8a45b72df43.rna_seq.genomic.gdc_realn.bam for TCGA-05-4410-01A exists and not modified in the last hour
bed file /mnt/data/intron_prospector_runs/common//TCGA-05-4410-01A.bed for TCGA-05-4410-01A does not exist

/mnt/data/tcga/bb3bf0cd-d755-42b2-b9bc-0d09bf7490ca/d067f93b-7182-4a34-ba8e-be73589b7420.rna_seq.genomic.gdc_realn.bam for TCGA-95-7043-01A exists and not modified in the last hour
bed file /mnt/data/intron_prospector_runs/common//TCGA-95-7043-01A.bed for TCGA-95-7043-01A does not exist

/mnt/data/tcga/a94f8de8-2203-4fe0-b007-6437973f1aaf/fa7777c7-e04a-41db-9ade-0c875c62411f.rna_seq.genomic.gdc_realn.bam for TCGA-55-6979-01A exists and not modified in the last hour
bed file /mnt/data/intron_prospector_runs/common//TCGA-55-6979-01A.bed for TCGA-55-6979-01A does not exist

/mnt/data/tcga/ce46ac67-6a51-4a71-9b5c-3412c8576c8c/430458f1-86d8-4ec8-a8fe-6a58ac832bdd.rna_seq.genomic.gdc_realn.bam for TCGA-05-4382-01A exists and not modified in the last hour
bed file /mnt/data/intron_prospector_runs/common//TCGA-05-4382-01A.bed for TCGA-05-4382-01A does not exist

/mnt/data/tcga/c916f887-6e77-4fc6-a692-30375d28650f/06c83065-5800-451a-84a7-7a7f352493ec.rna_seq.genomic.gdc_realn.bam for TCGA-78-7633-01A exists and not modified in the last hour
bed file /mnt/data/intron_prospector_runs/common//TCGA-78-7633-01A.bed for TCGA-78-7633-01A does not exist

/mnt/data/tcga/6c52a80e-6d42-47d2-8002-f29d22f2ad33/e62d96e9-3e79-4eef-9e5e-568a48dd737b.rna_seq.genomic.gdc_realn.bam for TCGA-05-4434-01A exists and not modified in the last hour
bed file /mnt/data/intron_prospector_runs/common//TCGA-05-4434-01A.bed for TCGA-05-4434-01A does not exist

/mnt/data/tcga/66a70381-99bc-4e27-a767-58a86923df1c/73babed8-f934-42c7-9020-30f7c3e1766d.rna_seq.genomic.gdc_realn.bam for TCGA-50-5935-01A exists and not modified in the last hour
bed file /mnt/data/intron_prospector_runs/common//TCGA-50-5935-01A.bed for TCGA-50-5935-01A does not exist

/mnt/data/tcga/e51d5093-8639-43e3-9866-1480083f4232/72726dc4-fa08-4e34-9539-29ddb19dd782.rna_seq.genomic.gdc_realn.bam for TCGA-49-4501-01A exists and not modified in the last hour
bed file /mnt/data/intron_prospector_runs/common//TCGA-49-4501-01A.bed for TCGA-49-4501-01A does not exist

/mnt/data/tcga/9e841128-e372-44dc-ada0-72be76782a2c/9f938aa7-9fc1-4893-aee4-15ab668b9260.rna_seq.genomic.gdc_realn.bam for TCGA-55-8207-01A exists and not modified in the last hour
bed file /mnt/data/intron_prospector_runs/common//TCGA-55-8207-01A.bed for TCGA-55-8207-01A does not exist

/mnt/data/tcga/7edd3c0d-516d-4b81-bdc1-8ca8997a8bff/f07f72e3-8bd8-4a16-91b4-e4444c2745d9.rna_seq.genomic.gdc_realn.bam for TCGA-55-8203-01A exists and not modified in the last hour
bed file /mnt/data/intron_prospector_runs/common//TCGA-55-8203-01A.bed for TCGA-55-8203-01A does not exist

/mnt/data/tcga/2b987ab5-2a04-4046-bd60-cb219c9e74b5/b603c2a6-4366-415a-871e-5949a2a8a4b6.rna_seq.genomic.gdc_realn.bam for TCGA-55-8621-01A exists and not modified in the last hour
bed file /mnt/data/intron_prospector_runs/common//TCGA-55-8621-01A.bed for TCGA-55-8621-01A does not exist

/mnt/data/tcga/788ecc45-ea2c-4197-9537-02016cfe14d3/32248a54-89ad-43a3-aa20-1c1897cb0054.rna_seq.genomic.gdc_realn.bam for TCGA-86-6851-01A exists and not modified in the last hour
bed file /mnt/data/intron_prospector_runs/common//TCGA-86-6851-01A.bed for TCGA-86-6851-01A does not exist

/mnt/data/tcga/061e1a72-d225-46b3-ae7b-8233a4f3bb20/fbd81adc-aa56-4cde-b1f2-e749e2cbf653.rna_seq.genomic.gdc_realn.bam for TCGA-NJ-A7XG-01A exists and not modified in the last hour
bed file /mnt/data/intron_prospector_runs/common//TCGA-NJ-A7XG-01A.bed for TCGA-NJ-A7XG-01A does not exist

/mnt/data/tcga/dfa64001-556a-47a9-9306-85bb2cd3a6d7/2fde57cd-97d2-492d-b37d-a4e2d43239cf.rna_seq.genomic.gdc_realn.bam for TCGA-55-6986-01A exists and not modified in the last hour
bed file /mnt/data/intron_prospector_runs/common//TCGA-55-6986-01A.bed for TCGA-55-6986-01A does not exist

/mnt/data/tcga/86ecbd9c-8ec7-4f1e-8b42-7877d740e45e/fe69fb9c-7215-478c-ae5c-44f5d0814b9d.rna_seq.genomic.gdc_realn.bam for TCGA-J2-A4AD-01A exists and not modified in the last hour
bed file /mnt/data/intron_prospector_runs/common//TCGA-J2-A4AD-01A.bed for TCGA-J2-A4AD-01A does not exist

/mnt/data/tcga/b6d50fd3-1810-48d6-aab1-c97f9c29d194/c6bf25d8-abea-411f-bb80-6e6fefb82757.rna_seq.genomic.gdc_realn.bam for TCGA-55-8615-01A exists and not modified in the last hour
bed file /mnt/data/intron_prospector_runs/common//TCGA-55-8615-01A.bed for TCGA-55-8615-01A does not exist

/mnt/data/tcga/eaf48a69-792e-41e4-9b44-09e440e5d6d6/d0966b4b-6c70-41f6-a220-4bf8be955366.rna_seq.genomic.gdc_realn.bam for TCGA-86-7954-01A exists and not modified in the last hour
bed file /mnt/data/intron_prospector_runs/common//TCGA-86-7954-01A.bed for TCGA-86-7954-01A does not exist

/mnt/data/tcga/ebc9dad8-ac5c-42bd-8db0-5ef8fea67d41/40386f32-719d-480f-9ba7-57e1eea23b30.rna_seq.genomic.gdc_realn.bam for TCGA-91-A4BD-01A exists and not modified in the last hour
bed file /mnt/data/intron_prospector_runs/common//TCGA-91-A4BD-01A.bed for TCGA-91-A4BD-01A does not exist

/mnt/data/tcga/e8f2cdea-1430-43ad-8359-ead8b4c5fd6e/aea4fa60-a890-453e-8ba6-6f4f3d5ed084.rna_seq.genomic.gdc_realn.bam for TCGA-73-4670-01A exists and not modified in the last hour

/mnt/data/tcga/a35d80d8-8b94-4f66-b408-bbe19f3edd54/9301f86d-9d6f-4aa6-a640-a543b5aea5db.rna_seq.genomic.gdc_realn.bam for TCGA-38-4625-01A exists and not modified in the last hour
bed file /mnt/data/intron_prospector_runs/common//TCGA-38-4625-01A.bed for TCGA-38-4625-01A does not exist

/mnt/data/tcga/3c2ce652-b88f-42d4-862b-ad4e610ae8eb/a9a12604-5100-4e45-b7f8-7e7c0d02a139.rna_seq.genomic.gdc_realn.bam for TCGA-78-7162-01A exists and not modified in the last hour
bed file /mnt/data/intron_prospector_runs/common//TCGA-78-7162-01A.bed for TCGA-78-7162-01A does not exist

/mnt/data/tcga/1336795f-b302-4d41-83f0-ce7a26a0d6c9/14aca23b-01ce-4532-8f2f-3b22b05a4757.rna_seq.genomic.gdc_realn.bam for TCGA-55-8089-01A exists and not modified in the last hour
bed file /mnt/data/intron_prospector_runs/common//TCGA-55-8089-01A.bed for TCGA-55-8089-01A does not exist

/mnt/data/tcga/f3968b44-8997-4be0-ad22-4bd460e5b9d1/d21d91e9-6e19-4c5f-aa2e-cdd41d98e542.rna_seq.genomic.gdc_realn.bam for TCGA-91-6829-01A exists and not modified in the last hour
bed file /mnt/data/intron_prospector_runs/common//TCGA-91-6829-01A.bed for TCGA-91-6829-01A does not exist

/mnt/data/tcga/46acba46-d33c-458b-b3cf-a9ba60ea32fb/73559b1e-ad93-432f-a7bb-c3946d4120d4.rna_seq.genomic.gdc_realn.bam for TCGA-64-5779-01A exists and not modified in the last hour
bed file /mnt/data/intron_prospector_runs/common//TCGA-64-5779-01A.bed for TCGA-64-5779-01A does not exist

/mnt/data/tcga/0a50c26b-ee2c-4953-aacc-668589736fa6/da145aec-4391-4fce-b5d0-bf91065b765e.rna_seq.genomic.gdc_realn.bam for TCGA-78-8640-01A exists and not modified in the last hour
bed file /mnt/data/intron_prospector_runs/common//TCGA-78-8640-01A.bed for TCGA-78-8640-01A does not exist

/mnt/data/tcga/16b44441-90d4-4289-8248-d31251f49f2b/8b3aec43-4c75-4598-bf0a-168f7ffb9f3b.rna_seq.genomic.gdc_realn.bam for TCGA-64-1680-01A exists and not modified in the last hour

/mnt/data/tcga/3960a3cc-6466-449c-b3fe-1b7899396e01/56d2e7e0-7686-417f-a698-393a1385d87e.rna_seq.genomic.gdc_realn.bam for TCGA-55-8510-01A exists and not modified in the last hour
bed file /mnt/data/intron_prospector_runs/common//TCGA-55-8510-01A.bed for TCGA-55-8510-01A does not exist

/mnt/data/tcga/a0eb61ec-37f7-4489-a119-7d30a8c8e498/73d96384-ebea-4467-8663-ada78336233c.rna_seq.genomic.gdc_realn.bam for TCGA-55-7911-01A exists and not modified in the last hour
bed file /mnt/data/intron_prospector_runs/common//TCGA-55-7911-01A.bed for TCGA-55-7911-01A does not exist

/mnt/data/tcga/fd97c225-cc46-47cf-9f5c-f92d14dc3fcf/4ad05e6b-e3d8-4048-8f61-1e79e421de0b.rna_seq.genomic.gdc_realn.bam for TCGA-95-7567-01A exists and not modified in the last hour
bed file /mnt/data/intron_prospector_runs/common//TCGA-95-7567-01A.bed for TCGA-95-7567-01A does not exist

/mnt/data/tcga/c421afac-04ec-4285-ae1b-2187c4eb6a67/98a4b8cc-fd54-454c-adcd-6fe9ae159a3b.rna_seq.genomic.gdc_realn.bam for TCGA-55-7283-01A exists and not modified in the last hour
bed file /mnt/data/intron_prospector_runs/common//TCGA-55-7283-01A.bed for TCGA-55-7283-01A does not exist

